{"/Users/mk/workspace/fragments/lib/fragments.js":{"path":"/Users/mk/workspace/fragments/lib/fragments.js","s":{"1":1,"2":1,"3":1,"4":1,"5":11,"6":11,"7":11,"8":30,"9":30,"10":30,"11":30,"12":30,"13":30,"14":11,"15":0,"16":0,"17":0,"18":0,"19":0,"20":0,"21":0,"22":0,"23":11,"24":1,"25":1},"b":{"1":[10,1],"2":[0,0]},"f":{"1":11,"2":30,"3":30,"4":0,"5":0},"fnMap":{"1":{"name":"(anonymous_1)","line":8,"loc":{"start":{"line":8,"column":17},"end":{"line":8,"column":31}}},"2":{"name":"(anonymous_2)","line":11,"loc":{"start":{"line":11,"column":11},"end":{"line":11,"column":29}}},"3":{"name":"(anonymous_3)","line":16,"loc":{"start":{"line":16,"column":47},"end":{"line":16,"column":79}}},"4":{"name":"(anonymous_4)","line":20,"loc":{"start":{"line":20,"column":22},"end":{"line":20,"column":37}}},"5":{"name":"(anonymous_5)","line":28,"loc":{"start":{"line":28,"column":47},"end":{"line":28,"column":78}}}},"statementMap":{"1":{"start":{"line":2,"column":0},"end":{"line":2,"column":14}},"2":{"start":{"line":4,"column":0},"end":{"line":4,"column":27}},"3":{"start":{"line":6,"column":0},"end":{"line":6,"column":22}},"4":{"start":{"line":8,"column":0},"end":{"line":33,"column":2}},"5":{"start":{"line":9,"column":2},"end":{"line":9,"column":21}},"6":{"start":{"line":10,"column":2},"end":{"line":10,"column":68}},"7":{"start":{"line":11,"column":2},"end":{"line":19,"column":4}},"8":{"start":{"line":12,"column":4},"end":{"line":12,"column":28}},"9":{"start":{"line":13,"column":4},"end":{"line":13,"column":29}},"10":{"start":{"line":14,"column":4},"end":{"line":14,"column":76}},"11":{"start":{"line":15,"column":4},"end":{"line":15,"column":50}},"12":{"start":{"line":16,"column":4},"end":{"line":18,"column":7}},"13":{"start":{"line":17,"column":6},"end":{"line":17,"column":44}},"14":{"start":{"line":20,"column":2},"end":{"line":31,"column":4}},"15":{"start":{"line":21,"column":4},"end":{"line":21,"column":28}},"16":{"start":{"line":22,"column":4},"end":{"line":24,"column":5}},"17":{"start":{"line":23,"column":6},"end":{"line":23,"column":35}},"18":{"start":{"line":25,"column":4},"end":{"line":25,"column":29}},"19":{"start":{"line":26,"column":4},"end":{"line":26,"column":76}},"20":{"start":{"line":27,"column":4},"end":{"line":27,"column":50}},"21":{"start":{"line":28,"column":4},"end":{"line":30,"column":7}},"22":{"start":{"line":29,"column":6},"end":{"line":29,"column":52}},"23":{"start":{"line":32,"column":2},"end":{"line":32,"column":16}},"24":{"start":{"line":35,"column":0},"end":{"line":35,"column":64}},"25":{"start":{"line":37,"column":0},"end":{"line":37,"column":46}}},"branchMap":{"1":{"line":10,"type":"cond-expr","locations":[{"start":{"line":10,"column":25},"end":{"line":10,"column":43}},{"start":{"line":10,"column":46},"end":{"line":10,"column":67}}]},"2":{"line":22,"type":"if","locations":[{"start":{"line":22,"column":4},"end":{"line":22,"column":4}},{"start":{"line":22,"column":4},"end":{"line":22,"column":4}}]}}},"/Users/mk/workspace/fragments/lib/factories/auto-headers.js":{"path":"/Users/mk/workspace/fragments/lib/factories/auto-headers.js","s":{"1":1,"2":14,"3":14,"4":14,"5":14,"6":1,"7":18,"8":35,"9":35},"b":{},"f":{"1":14,"2":18,"3":35},"fnMap":{"1":{"name":"(anonymous_1)","line":2,"loc":{"start":{"line":2,"column":39},"end":{"line":2,"column":50}}},"2":{"name":"(anonymous_2)","line":15,"loc":{"start":{"line":15,"column":49},"end":{"line":15,"column":80}}},"3":{"name":"(anonymous_3)","line":16,"loc":{"start":{"line":16,"column":30},"end":{"line":16,"column":100}}}},"statementMap":{"1":{"start":{"line":2,"column":0},"end":{"line":13,"column":2}},"2":{"start":{"line":3,"column":2},"end":{"line":3,"column":36}},"3":{"start":{"line":4,"column":2},"end":{"line":4,"column":31}},"4":{"start":{"line":5,"column":2},"end":{"line":5,"column":39}},"5":{"start":{"line":6,"column":2},"end":{"line":12,"column":4}},"6":{"start":{"line":15,"column":0},"end":{"line":20,"column":2}},"7":{"start":{"line":16,"column":2},"end":{"line":19,"column":5}},"8":{"start":{"line":17,"column":4},"end":{"line":17,"column":48}},"9":{"start":{"line":18,"column":4},"end":{"line":18,"column":28}}},"branchMap":{}},"/Users/mk/workspace/fragments/lib/factories/basic-auth.js":{"path":"/Users/mk/workspace/fragments/lib/factories/basic-auth.js","s":{"1":1,"2":1,"3":0,"4":0,"5":0,"6":0,"7":0,"8":1,"9":1},"b":{"1":[0,0],"2":[1,1]},"f":{"1":0,"2":0,"3":1},"fnMap":{"1":{"name":"(anonymous_1)","line":4,"loc":{"start":{"line":4,"column":60},"end":{"line":4,"column":132}}},"2":{"name":"(anonymous_2)","line":5,"loc":{"start":{"line":5,"column":9},"end":{"line":5,"column":20}}},"3":{"name":"(anonymous_3)","line":13,"loc":{"start":{"line":13,"column":48},"end":{"line":13,"column":93}}}},"statementMap":{"1":{"start":{"line":2,"column":0},"end":{"line":2,"column":21}},"2":{"start":{"line":4,"column":0},"end":{"line":11,"column":2}},"3":{"start":{"line":5,"column":2},"end":{"line":10,"column":4}},"4":{"start":{"line":6,"column":4},"end":{"line":6,"column":13}},"5":{"start":{"line":7,"column":4},"end":{"line":7,"column":65}},"6":{"start":{"line":8,"column":4},"end":{"line":8,"column":68}},"7":{"start":{"line":9,"column":4},"end":{"line":9,"column":55}},"8":{"start":{"line":13,"column":0},"end":{"line":15,"column":2}},"9":{"start":{"line":14,"column":2},"end":{"line":14,"column":52}}},"branchMap":{"1":{"line":7,"type":"cond-expr","locations":[{"start":{"line":7,"column":35},"end":{"line":7,"column":59}},{"start":{"line":7,"column":62},"end":{"line":7,"column":64}}]},"2":{"line":14,"type":"binary-expr","locations":[{"start":{"line":14,"column":9},"end":{"line":14,"column":43}},{"start":{"line":14,"column":47},"end":{"line":14,"column":51}}]}}},"/Users/mk/workspace/fragments/lib/factories/command.js":{"path":"/Users/mk/workspace/fragments/lib/factories/command.js","s":{"1":1,"2":1,"3":2,"4":1,"5":0,"6":0,"7":0,"8":0,"9":0,"10":0,"11":1,"12":2,"13":2,"14":1,"15":2,"16":2,"17":2,"18":2,"19":2,"20":1,"21":1,"22":1,"23":1,"24":1,"25":1,"26":1,"27":2,"28":2,"29":2,"30":2,"31":0,"32":2,"33":2,"34":1,"35":1,"36":1,"37":0,"38":0,"39":0,"40":0,"41":0,"42":0,"43":0,"44":0,"45":0,"46":0,"47":0,"48":0,"49":0,"50":0,"51":0,"52":0,"53":0,"54":0,"55":0,"56":1,"57":0,"58":0,"59":0,"60":0,"61":0,"62":1,"63":1,"64":20,"65":20,"66":20,"67":18,"68":20,"69":20,"70":20,"71":20,"72":20,"73":20,"74":20,"75":20,"76":20,"77":20,"78":20,"79":20,"80":20,"81":20,"82":20,"83":20,"84":20,"85":1},"b":{"1":[0,0],"2":[0,0],"3":[1,1],"4":[1,0],"5":[1,1],"6":[0,2],"7":[1,1],"8":[0,0],"9":[0,0],"10":[0,0],"11":[0,0],"12":[18,2]},"f":{"1":2,"2":0,"3":0,"4":0,"5":0,"6":2,"7":2,"8":2,"9":2,"10":1,"11":1,"12":2,"13":2,"14":0,"15":0,"16":0,"17":0,"18":0,"19":0,"20":0,"21":20,"22":20,"23":20,"24":20,"25":20,"26":20},"fnMap":{"1":{"name":"(anonymous_1)","line":4,"loc":{"start":{"line":4,"column":41},"end":{"line":4,"column":52}}},"2":{"name":"(anonymous_2)","line":8,"loc":{"start":{"line":8,"column":43},"end":{"line":8,"column":113}}},"3":{"name":"(anonymous_3)","line":9,"loc":{"start":{"line":9,"column":9},"end":{"line":9,"column":20}}},"4":{"name":"(anonymous_4)","line":12,"loc":{"start":{"line":12,"column":23},"end":{"line":12,"column":35}}},"5":{"name":"(anonymous_5)","line":14,"loc":{"start":{"line":14,"column":11},"end":{"line":14,"column":23}}},"6":{"name":"(anonymous_6)","line":20,"loc":{"start":{"line":20,"column":44},"end":{"line":20,"column":96}}},"7":{"name":"(anonymous_7)","line":21,"loc":{"start":{"line":21,"column":9},"end":{"line":21,"column":24}}},"8":{"name":"(anonymous_8)","line":26,"loc":{"start":{"line":26,"column":38},"end":{"line":26,"column":161}}},"9":{"name":"(anonymous_9)","line":27,"loc":{"start":{"line":27,"column":9},"end":{"line":27,"column":31}}},"10":{"name":"(anonymous_10)","line":34,"loc":{"start":{"line":34,"column":11},"end":{"line":34,"column":22}}},"11":{"name":"(anonymous_11)","line":37,"loc":{"start":{"line":37,"column":96},"end":{"line":37,"column":122}}},"12":{"name":"(anonymous_12)","line":44,"loc":{"start":{"line":44,"column":38},"end":{"line":44,"column":87}}},"13":{"name":"(anonymous_13)","line":45,"loc":{"start":{"line":45,"column":9},"end":{"line":45,"column":20}}},"14":{"name":"(anonymous_14)","line":60,"loc":{"start":{"line":60,"column":47},"end":{"line":60,"column":163}}},"15":{"name":"(anonymous_15)","line":61,"loc":{"start":{"line":61,"column":9},"end":{"line":61,"column":20}}},"16":{"name":"(anonymous_16)","line":68,"loc":{"start":{"line":68,"column":44},"end":{"line":68,"column":59}}},"17":{"name":"(anonymous_17)","line":73,"loc":{"start":{"line":73,"column":28},"end":{"line":73,"column":43}}},"18":{"name":"(anonymous_18)","line":87,"loc":{"start":{"line":87,"column":30},"end":{"line":87,"column":70}}},"19":{"name":"(anonymous_19)","line":88,"loc":{"start":{"line":88,"column":9},"end":{"line":88,"column":20}}},"20":{"name":"(anonymous_20)","line":91,"loc":{"start":{"line":91,"column":67},"end":{"line":91,"column":82}}},"21":{"name":"(anonymous_21)","line":99,"loc":{"start":{"line":99,"column":31},"end":{"line":99,"column":63}}},"22":{"name":"(anonymous_22)","line":100,"loc":{"start":{"line":100,"column":9},"end":{"line":100,"column":38}}},"23":{"name":"(anonymous_23)","line":105,"loc":{"start":{"line":105,"column":14},"end":{"line":105,"column":190}}},"24":{"name":"(anonymous_24)","line":106,"loc":{"start":{"line":106,"column":35},"end":{"line":106,"column":61}}},"25":{"name":"(anonymous_25)","line":109,"loc":{"start":{"line":109,"column":31},"end":{"line":109,"column":42}}},"26":{"name":"(anonymous_26)","line":110,"loc":{"start":{"line":110,"column":41},"end":{"line":110,"column":52}}}},"statementMap":{"1":{"start":{"line":2,"column":0},"end":{"line":2,"column":21}},"2":{"start":{"line":4,"column":0},"end":{"line":6,"column":2}},"3":{"start":{"line":5,"column":2},"end":{"line":5,"column":20}},"4":{"start":{"line":8,"column":0},"end":{"line":18,"column":2}},"5":{"start":{"line":9,"column":2},"end":{"line":17,"column":4}},"6":{"start":{"line":10,"column":4},"end":{"line":10,"column":13}},"7":{"start":{"line":11,"column":4},"end":{"line":11,"column":98}},"8":{"start":{"line":12,"column":4},"end":{"line":16,"column":53}},"9":{"start":{"line":13,"column":6},"end":{"line":13,"column":54}},"10":{"start":{"line":15,"column":6},"end":{"line":15,"column":53}},"11":{"start":{"line":20,"column":0},"end":{"line":24,"column":2}},"12":{"start":{"line":21,"column":2},"end":{"line":23,"column":4}},"13":{"start":{"line":22,"column":4},"end":{"line":22,"column":84}},"14":{"start":{"line":26,"column":0},"end":{"line":42,"column":2}},"15":{"start":{"line":27,"column":2},"end":{"line":41,"column":4}},"16":{"start":{"line":28,"column":4},"end":{"line":28,"column":35}},"17":{"start":{"line":29,"column":4},"end":{"line":29,"column":71}},"18":{"start":{"line":30,"column":4},"end":{"line":30,"column":50}},"19":{"start":{"line":31,"column":4},"end":{"line":33,"column":5}},"20":{"start":{"line":32,"column":6},"end":{"line":32,"column":13}},"21":{"start":{"line":34,"column":4},"end":{"line":40,"column":6}},"22":{"start":{"line":35,"column":6},"end":{"line":35,"column":15}},"23":{"start":{"line":36,"column":6},"end":{"line":36,"column":67}},"24":{"start":{"line":37,"column":6},"end":{"line":39,"column":9}},"25":{"start":{"line":38,"column":8},"end":{"line":38,"column":49}},"26":{"start":{"line":44,"column":0},"end":{"line":58,"column":2}},"27":{"start":{"line":45,"column":2},"end":{"line":57,"column":4}},"28":{"start":{"line":46,"column":4},"end":{"line":46,"column":35}},"29":{"start":{"line":47,"column":4},"end":{"line":47,"column":93}},"30":{"start":{"line":48,"column":4},"end":{"line":50,"column":5}},"31":{"start":{"line":49,"column":6},"end":{"line":49,"column":27}},"32":{"start":{"line":51,"column":4},"end":{"line":51,"column":48}},"33":{"start":{"line":52,"column":4},"end":{"line":56,"column":5}},"34":{"start":{"line":53,"column":6},"end":{"line":53,"column":39}},"35":{"start":{"line":55,"column":6},"end":{"line":55,"column":57}},"36":{"start":{"line":60,"column":0},"end":{"line":85,"column":2}},"37":{"start":{"line":61,"column":2},"end":{"line":84,"column":4}},"38":{"start":{"line":62,"column":4},"end":{"line":62,"column":38}},"39":{"start":{"line":63,"column":4},"end":{"line":63,"column":65}},"40":{"start":{"line":64,"column":4},"end":{"line":64,"column":25}},"41":{"start":{"line":65,"column":4},"end":{"line":65,"column":47}},"42":{"start":{"line":66,"column":4},"end":{"line":71,"column":5}},"43":{"start":{"line":67,"column":6},"end":{"line":67,"column":30}},"44":{"start":{"line":68,"column":6},"end":{"line":70,"column":9}},"45":{"start":{"line":69,"column":8},"end":{"line":69,"column":54}},"46":{"start":{"line":72,"column":4},"end":{"line":72,"column":42}},"47":{"start":{"line":73,"column":4},"end":{"line":83,"column":7}},"48":{"start":{"line":74,"column":6},"end":{"line":74,"column":40}},"49":{"start":{"line":75,"column":6},"end":{"line":75,"column":45}},"50":{"start":{"line":76,"column":6},"end":{"line":76,"column":18}},"51":{"start":{"line":77,"column":6},"end":{"line":77,"column":38}},"52":{"start":{"line":78,"column":6},"end":{"line":78,"column":33}},"53":{"start":{"line":79,"column":6},"end":{"line":81,"column":7}},"54":{"start":{"line":80,"column":8},"end":{"line":80,"column":32}},"55":{"start":{"line":82,"column":6},"end":{"line":82,"column":18}},"56":{"start":{"line":87,"column":0},"end":{"line":95,"column":2}},"57":{"start":{"line":88,"column":2},"end":{"line":94,"column":4}},"58":{"start":{"line":89,"column":4},"end":{"line":89,"column":13}},"59":{"start":{"line":90,"column":4},"end":{"line":90,"column":65}},"60":{"start":{"line":91,"column":4},"end":{"line":93,"column":7}},"61":{"start":{"line":92,"column":6},"end":{"line":92,"column":31}},"62":{"start":{"line":97,"column":0},"end":{"line":97,"column":90}},"63":{"start":{"line":99,"column":0},"end":{"line":127,"column":2}},"64":{"start":{"line":100,"column":2},"end":{"line":126,"column":4}},"65":{"start":{"line":101,"column":4},"end":{"line":101,"column":16}},"66":{"start":{"line":102,"column":4},"end":{"line":104,"column":5}},"67":{"start":{"line":103,"column":6},"end":{"line":103,"column":36}},"68":{"start":{"line":105,"column":4},"end":{"line":123,"column":6}},"69":{"start":{"line":106,"column":6},"end":{"line":122,"column":9}},"70":{"start":{"line":107,"column":8},"end":{"line":107,"column":19}},"71":{"start":{"line":108,"column":8},"end":{"line":108,"column":61}},"72":{"start":{"line":109,"column":8},"end":{"line":119,"column":11}},"73":{"start":{"line":110,"column":10},"end":{"line":113,"column":13}},"74":{"start":{"line":111,"column":12},"end":{"line":111,"column":84}},"75":{"start":{"line":112,"column":12},"end":{"line":112,"column":71}},"76":{"start":{"line":114,"column":10},"end":{"line":114,"column":57}},"77":{"start":{"line":115,"column":10},"end":{"line":115,"column":54}},"78":{"start":{"line":116,"column":10},"end":{"line":116,"column":72}},"79":{"start":{"line":117,"column":10},"end":{"line":117,"column":38}},"80":{"start":{"line":118,"column":10},"end":{"line":118,"column":27}},"81":{"start":{"line":120,"column":8},"end":{"line":120,"column":35}},"82":{"start":{"line":121,"column":8},"end":{"line":121,"column":52}},"83":{"start":{"line":124,"column":4},"end":{"line":124,"column":209}},"84":{"start":{"line":125,"column":4},"end":{"line":125,"column":42}},"85":{"start":{"line":129,"column":0},"end":{"line":129,"column":140}}},"branchMap":{"1":{"line":11,"type":"binary-expr","locations":[{"start":{"line":11,"column":12},"end":{"line":11,"column":90}},{"start":{"line":11,"column":95},"end":{"line":11,"column":97}}]},"2":{"line":11,"type":"cond-expr","locations":[{"start":{"line":11,"column":58},"end":{"line":11,"column":81}},{"start":{"line":11,"column":84},"end":{"line":11,"column":90}}]},"3":{"line":31,"type":"if","locations":[{"start":{"line":31,"column":4},"end":{"line":31,"column":4}},{"start":{"line":31,"column":4},"end":{"line":31,"column":4}}]},"4":{"line":36,"type":"cond-expr","locations":[{"start":{"line":36,"column":37},"end":{"line":36,"column":61}},{"start":{"line":36,"column":64},"end":{"line":36,"column":66}}]},"5":{"line":47,"type":"cond-expr","locations":[{"start":{"line":47,"column":63},"end":{"line":47,"column":87}},{"start":{"line":47,"column":90},"end":{"line":47,"column":92}}]},"6":{"line":48,"type":"if","locations":[{"start":{"line":48,"column":4},"end":{"line":48,"column":4}},{"start":{"line":48,"column":4},"end":{"line":48,"column":4}}]},"7":{"line":52,"type":"if","locations":[{"start":{"line":52,"column":4},"end":{"line":52,"column":4}},{"start":{"line":52,"column":4},"end":{"line":52,"column":4}}]},"8":{"line":63,"type":"cond-expr","locations":[{"start":{"line":63,"column":35},"end":{"line":63,"column":59}},{"start":{"line":63,"column":62},"end":{"line":63,"column":64}}]},"9":{"line":66,"type":"if","locations":[{"start":{"line":66,"column":4},"end":{"line":66,"column":4}},{"start":{"line":66,"column":4},"end":{"line":66,"column":4}}]},"10":{"line":79,"type":"if","locations":[{"start":{"line":79,"column":6},"end":{"line":79,"column":6}},{"start":{"line":79,"column":6},"end":{"line":79,"column":6}}]},"11":{"line":90,"type":"cond-expr","locations":[{"start":{"line":90,"column":35},"end":{"line":90,"column":59}},{"start":{"line":90,"column":62},"end":{"line":90,"column":64}}]},"12":{"line":102,"type":"if","locations":[{"start":{"line":102,"column":4},"end":{"line":102,"column":4}},{"start":{"line":102,"column":4},"end":{"line":102,"column":4}}]}}},"/Users/mk/workspace/fragments/lib/factories/common-middleware.js":{"path":"/Users/mk/workspace/fragments/lib/factories/common-middleware.js","s":{"1":1,"2":18},"b":{},"f":{"1":18},"fnMap":{"1":{"name":"(anonymous_1)","line":2,"loc":{"start":{"line":2,"column":51},"end":{"line":2,"column":251}}}},"statementMap":{"1":{"start":{"line":2,"column":0},"end":{"line":8,"column":2}},"2":{"start":{"line":3,"column":2},"end":{"line":7,"column":5}}},"branchMap":{}},"/Users/mk/workspace/fragments/lib/factories/config.js":{"path":"/Users/mk/workspace/fragments/lib/factories/config.js","s":{"1":1,"2":20,"3":1,"4":20,"5":1,"6":18,"7":1,"8":2,"9":1,"10":2,"11":1,"12":2,"13":1,"14":2,"15":1,"16":2,"17":1,"18":2,"19":1,"20":0},"b":{},"f":{"1":20,"2":20,"3":18,"4":2,"5":2,"6":2,"7":2,"8":2,"9":2,"10":0},"fnMap":{"1":{"name":"(anonymous_1)","line":2,"loc":{"start":{"line":2,"column":39},"end":{"line":2,"column":60}}},"2":{"name":"(anonymous_2)","line":6,"loc":{"start":{"line":6,"column":42},"end":{"line":6,"column":69}}},"3":{"name":"(anonymous_3)","line":10,"loc":{"start":{"line":10,"column":45},"end":{"line":10,"column":75}}},"4":{"name":"(anonymous_4)","line":14,"loc":{"start":{"line":14,"column":51},"end":{"line":14,"column":87}}},"5":{"name":"(anonymous_5)","line":18,"loc":{"start":{"line":18,"column":56},"end":{"line":18,"column":97}}},"6":{"name":"(anonymous_6)","line":22,"loc":{"start":{"line":22,"column":43},"end":{"line":22,"column":71}}},"7":{"name":"(anonymous_7)","line":26,"loc":{"start":{"line":26,"column":48},"end":{"line":26,"column":83}}},"8":{"name":"(anonymous_8)","line":30,"loc":{"start":{"line":30,"column":58},"end":{"line":30,"column":101}}},"9":{"name":"(anonymous_9)","line":34,"loc":{"start":{"line":34,"column":48},"end":{"line":34,"column":81}}},"10":{"name":"(anonymous_10)","line":38,"loc":{"start":{"line":38,"column":45},"end":{"line":38,"column":72}}}},"statementMap":{"1":{"start":{"line":2,"column":0},"end":{"line":4,"column":2}},"2":{"start":{"line":3,"column":2},"end":{"line":3,"column":20}},"3":{"start":{"line":6,"column":0},"end":{"line":8,"column":2}},"4":{"start":{"line":7,"column":2},"end":{"line":7,"column":26}},"5":{"start":{"line":10,"column":0},"end":{"line":12,"column":2}},"6":{"start":{"line":11,"column":2},"end":{"line":11,"column":29}},"7":{"start":{"line":14,"column":0},"end":{"line":16,"column":2}},"8":{"start":{"line":15,"column":2},"end":{"line":15,"column":35}},"9":{"start":{"line":18,"column":0},"end":{"line":20,"column":2}},"10":{"start":{"line":19,"column":2},"end":{"line":19,"column":40}},"11":{"start":{"line":22,"column":0},"end":{"line":24,"column":2}},"12":{"start":{"line":23,"column":2},"end":{"line":23,"column":27}},"13":{"start":{"line":26,"column":0},"end":{"line":28,"column":2}},"14":{"start":{"line":27,"column":2},"end":{"line":27,"column":34}},"15":{"start":{"line":30,"column":0},"end":{"line":32,"column":2}},"16":{"start":{"line":31,"column":2},"end":{"line":31,"column":42}},"17":{"start":{"line":34,"column":0},"end":{"line":36,"column":2}},"18":{"start":{"line":35,"column":2},"end":{"line":35,"column":32}},"19":{"start":{"line":38,"column":0},"end":{"line":40,"column":2}},"20":{"start":{"line":39,"column":2},"end":{"line":39,"column":26}}},"branchMap":{}},"/Users/mk/workspace/fragments/lib/factories/crypto.js":{"path":"/Users/mk/workspace/fragments/lib/factories/crypto.js","s":{"1":1,"2":2,"3":1,"4":1,"5":2,"6":2,"7":2,"8":2,"9":2,"10":1,"11":2,"12":3,"13":3,"14":3,"15":3,"16":3},"b":{},"f":{"1":2,"2":1,"3":2,"4":2,"5":3},"fnMap":{"1":{"name":"(anonymous_1)","line":2,"loc":{"start":{"line":2,"column":47},"end":{"line":2,"column":58}}},"2":{"name":"(anonymous_2)","line":6,"loc":{"start":{"line":6,"column":44},"end":{"line":6,"column":102}}},"3":{"name":"(anonymous_3)","line":7,"loc":{"start":{"line":7,"column":9},"end":{"line":7,"column":43}}},"4":{"name":"(anonymous_4)","line":16,"loc":{"start":{"line":16,"column":44},"end":{"line":16,"column":102}}},"5":{"name":"(anonymous_5)","line":17,"loc":{"start":{"line":17,"column":9},"end":{"line":17,"column":43}}}},"statementMap":{"1":{"start":{"line":2,"column":0},"end":{"line":4,"column":2}},"2":{"start":{"line":3,"column":2},"end":{"line":3,"column":23}},"3":{"start":{"line":6,"column":0},"end":{"line":14,"column":2}},"4":{"start":{"line":7,"column":2},"end":{"line":13,"column":4}},"5":{"start":{"line":8,"column":4},"end":{"line":8,"column":26}},"6":{"start":{"line":9,"column":4},"end":{"line":9,"column":84}},"7":{"start":{"line":10,"column":4},"end":{"line":10,"column":60}},"8":{"start":{"line":11,"column":4},"end":{"line":11,"column":37}},"9":{"start":{"line":12,"column":4},"end":{"line":12,"column":21}},"10":{"start":{"line":16,"column":0},"end":{"line":24,"column":2}},"11":{"start":{"line":17,"column":2},"end":{"line":23,"column":4}},"12":{"start":{"line":18,"column":4},"end":{"line":18,"column":28}},"13":{"start":{"line":19,"column":4},"end":{"line":19,"column":88}},"14":{"start":{"line":20,"column":4},"end":{"line":20,"column":62}},"15":{"start":{"line":21,"column":4},"end":{"line":21,"column":40}},"16":{"start":{"line":22,"column":4},"end":{"line":22,"column":21}}},"branchMap":{}},"/Users/mk/workspace/fragments/lib/factories/data.js":{"path":"/Users/mk/workspace/fragments/lib/factories/data.js","s":{"1":1,"2":6,"3":1,"4":1,"5":1,"6":1,"7":1,"8":5,"9":1,"10":1,"11":1,"12":1,"13":1,"14":0,"15":0,"16":0,"17":1,"18":1,"19":1,"20":1,"21":1,"22":1,"23":1,"24":1,"25":3,"26":3,"27":3},"b":{"1":[0,1],"2":[1,1]},"f":{"1":6,"2":1,"3":1,"4":5,"5":1,"6":1,"7":1,"8":1,"9":1,"10":3},"fnMap":{"1":{"name":"(anonymous_1)","line":2,"loc":{"start":{"line":2,"column":34},"end":{"line":2,"column":58}}},"2":{"name":"(anonymous_2)","line":6,"loc":{"start":{"line":6,"column":49},"end":{"line":6,"column":73}}},"3":{"name":"(anonymous_3)","line":10,"loc":{"start":{"line":10,"column":33},"end":{"line":10,"column":57}}},"4":{"name":"(anonymous_4)","line":14,"loc":{"start":{"line":14,"column":32},"end":{"line":14,"column":56}}},"5":{"name":"(anonymous_5)","line":18,"loc":{"start":{"line":18,"column":37},"end":{"line":18,"column":73}}},"6":{"name":"(anonymous_6)","line":22,"loc":{"start":{"line":22,"column":30},"end":{"line":22,"column":85}}},"7":{"name":"(anonymous_7)","line":33,"loc":{"start":{"line":33,"column":41},"end":{"line":33,"column":82}}},"8":{"name":"(anonymous_8)","line":34,"loc":{"start":{"line":34,"column":9},"end":{"line":34,"column":20}}},"9":{"name":"(anonymous_9)","line":41,"loc":{"start":{"line":41,"column":43},"end":{"line":41,"column":107}}},"10":{"name":"(anonymous_10)","line":42,"loc":{"start":{"line":42,"column":9},"end":{"line":42,"column":27}}}},"statementMap":{"1":{"start":{"line":2,"column":0},"end":{"line":4,"column":2}},"2":{"start":{"line":3,"column":2},"end":{"line":3,"column":30}},"3":{"start":{"line":6,"column":0},"end":{"line":8,"column":2}},"4":{"start":{"line":7,"column":2},"end":{"line":7,"column":41}},"5":{"start":{"line":10,"column":0},"end":{"line":12,"column":2}},"6":{"start":{"line":11,"column":2},"end":{"line":11,"column":29}},"7":{"start":{"line":14,"column":0},"end":{"line":16,"column":2}},"8":{"start":{"line":15,"column":2},"end":{"line":15,"column":28}},"9":{"start":{"line":18,"column":0},"end":{"line":20,"column":2}},"10":{"start":{"line":19,"column":2},"end":{"line":19,"column":35}},"11":{"start":{"line":22,"column":0},"end":{"line":31,"column":2}},"12":{"start":{"line":23,"column":2},"end":{"line":23,"column":34}},"13":{"start":{"line":24,"column":2},"end":{"line":30,"column":3}},"14":{"start":{"line":25,"column":4},"end":{"line":25,"column":65}},"15":{"start":{"line":26,"column":4},"end":{"line":26,"column":63}},"16":{"start":{"line":27,"column":4},"end":{"line":27,"column":27}},"17":{"start":{"line":29,"column":4},"end":{"line":29,"column":50}},"18":{"start":{"line":33,"column":0},"end":{"line":39,"column":2}},"19":{"start":{"line":34,"column":2},"end":{"line":38,"column":4}},"20":{"start":{"line":35,"column":4},"end":{"line":35,"column":23}},"21":{"start":{"line":36,"column":4},"end":{"line":36,"column":52}},"22":{"start":{"line":37,"column":4},"end":{"line":37,"column":77}},"23":{"start":{"line":41,"column":0},"end":{"line":47,"column":2}},"24":{"start":{"line":42,"column":2},"end":{"line":46,"column":4}},"25":{"start":{"line":43,"column":4},"end":{"line":43,"column":22}},"26":{"start":{"line":44,"column":4},"end":{"line":44,"column":54}},"27":{"start":{"line":45,"column":4},"end":{"line":45,"column":64}}},"branchMap":{"1":{"line":24,"type":"if","locations":[{"start":{"line":24,"column":2},"end":{"line":24,"column":2}},{"start":{"line":24,"column":2},"end":{"line":24,"column":2}}]},"2":{"line":37,"type":"binary-expr","locations":[{"start":{"line":37,"column":12},"end":{"line":37,"column":34}},{"start":{"line":37,"column":39},"end":{"line":37,"column":76}}]}}},"/Users/mk/workspace/fragments/lib/factories/globals.js":{"path":"/Users/mk/workspace/fragments/lib/factories/globals.js","s":{"1":1,"2":0,"3":1,"4":28,"5":1,"6":0},"b":{},"f":{"1":0,"2":28,"3":0},"fnMap":{"1":{"name":"(anonymous_1)","line":2,"loc":{"start":{"line":2,"column":35},"end":{"line":2,"column":46}}},"2":{"name":"(anonymous_2)","line":6,"loc":{"start":{"line":6,"column":35},"end":{"line":6,"column":46}}},"3":{"name":"(anonymous_3)","line":10,"loc":{"start":{"line":10,"column":32},"end":{"line":10,"column":60}}}},"statementMap":{"1":{"start":{"line":2,"column":0},"end":{"line":4,"column":2}},"2":{"start":{"line":3,"column":2},"end":{"line":3,"column":17}},"3":{"start":{"line":6,"column":0},"end":{"line":8,"column":2}},"4":{"start":{"line":7,"column":2},"end":{"line":7,"column":17}},"5":{"start":{"line":10,"column":0},"end":{"line":12,"column":2}},"6":{"start":{"line":11,"column":2},"end":{"line":11,"column":32}}},"branchMap":{}},"/Users/mk/workspace/fragments/lib/factories/header.js":{"path":"/Users/mk/workspace/fragments/lib/factories/header.js","s":{"1":1,"2":1,"3":1,"4":1,"5":0,"6":0,"7":1,"8":39,"9":39,"10":39,"11":3,"12":1,"13":39,"14":39,"15":1,"16":35,"17":175,"18":0,"19":175,"20":1,"21":41,"22":22,"23":22,"24":0,"25":22,"26":1,"27":41,"28":41,"29":1,"30":35,"31":35,"32":35,"33":0,"34":35,"35":35,"36":175,"37":0,"38":175,"39":175,"40":35,"41":1,"42":1,"43":4,"44":21,"45":21,"46":1,"47":4,"48":4},"b":{"1":[0,0],"2":[3,1],"3":[0,175],"4":[175,175],"5":[0,22],"6":[0,35],"7":[0,175]},"f":{"1":0,"2":0,"3":39,"4":3,"5":35,"6":175,"7":41,"8":22,"9":22,"10":35,"11":35,"12":4,"13":21,"14":21},"fnMap":{"1":{"name":"(anonymous_1)","line":9,"loc":{"start":{"line":9,"column":37},"end":{"line":9,"column":61}}},"2":{"name":"(anonymous_2)","line":10,"loc":{"start":{"line":10,"column":9},"end":{"line":10,"column":24}}},"3":{"name":"(anonymous_3)","line":15,"loc":{"start":{"line":15,"column":5},"end":{"line":15,"column":34}}},"4":{"name":"(anonymous_4)","line":18,"loc":{"start":{"line":18,"column":59},"end":{"line":18,"column":83}}},"5":{"name":"(anonymous_5)","line":27,"loc":{"start":{"line":27,"column":37},"end":{"line":27,"column":61}}},"6":{"name":"(anonymous_6)","line":28,"loc":{"start":{"line":28,"column":9},"end":{"line":28,"column":30}}},"7":{"name":"(anonymous_7)","line":36,"loc":{"start":{"line":36,"column":6},"end":{"line":36,"column":35}}},"8":{"name":"(anonymous_8)","line":37,"loc":{"start":{"line":37,"column":62},"end":{"line":37,"column":86}}},"9":{"name":"(anonymous_9)","line":38,"loc":{"start":{"line":38,"column":11},"end":{"line":38,"column":27}}},"10":{"name":"(anonymous_10)","line":51,"loc":{"start":{"line":51,"column":38},"end":{"line":51,"column":68}}},"11":{"name":"(anonymous_11)","line":52,"loc":{"start":{"line":52,"column":9},"end":{"line":52,"column":27}}},"12":{"name":"(anonymous_12)","line":74,"loc":{"start":{"line":74,"column":6},"end":{"line":74,"column":40}}},"13":{"name":"(anonymous_13)","line":75,"loc":{"start":{"line":75,"column":73},"end":{"line":75,"column":114}}},"14":{"name":"(anonymous_14)","line":76,"loc":{"start":{"line":76,"column":11},"end":{"line":76,"column":22}}}},"statementMap":{"1":{"start":{"line":2,"column":0},"end":{"line":3,"column":30}},"2":{"start":{"line":5,"column":0},"end":{"line":5,"column":62}},"3":{"start":{"line":7,"column":0},"end":{"line":7,"column":64}},"4":{"start":{"line":9,"column":0},"end":{"line":13,"column":2}},"5":{"start":{"line":10,"column":2},"end":{"line":12,"column":4}},"6":{"start":{"line":11,"column":4},"end":{"line":11,"column":61}},"7":{"start":{"line":15,"column":0},"end":{"line":21,"column":2}},"8":{"start":{"line":16,"column":2},"end":{"line":16,"column":22}},"9":{"start":{"line":17,"column":2},"end":{"line":17,"column":41}},"10":{"start":{"line":18,"column":2},"end":{"line":20,"column":4}},"11":{"start":{"line":19,"column":4},"end":{"line":19,"column":58}},"12":{"start":{"line":22,"column":0},"end":{"line":25,"column":1}},"13":{"start":{"line":23,"column":2},"end":{"line":23,"column":46}},"14":{"start":{"line":24,"column":2},"end":{"line":24,"column":25}},"15":{"start":{"line":27,"column":0},"end":{"line":34,"column":2}},"16":{"start":{"line":28,"column":2},"end":{"line":33,"column":4}},"17":{"start":{"line":29,"column":4},"end":{"line":31,"column":5}},"18":{"start":{"line":30,"column":6},"end":{"line":30,"column":53}},"19":{"start":{"line":32,"column":4},"end":{"line":32,"column":47}},"20":{"start":{"line":36,"column":0},"end":{"line":45,"column":2}},"21":{"start":{"line":37,"column":2},"end":{"line":44,"column":4}},"22":{"start":{"line":38,"column":4},"end":{"line":43,"column":6}},"23":{"start":{"line":39,"column":6},"end":{"line":41,"column":7}},"24":{"start":{"line":40,"column":8},"end":{"line":40,"column":54}},"25":{"start":{"line":42,"column":6},"end":{"line":42,"column":52}},"26":{"start":{"line":46,"column":0},"end":{"line":49,"column":1}},"27":{"start":{"line":47,"column":2},"end":{"line":47,"column":47}},"28":{"start":{"line":48,"column":2},"end":{"line":48,"column":26}},"29":{"start":{"line":51,"column":0},"end":{"line":65,"column":2}},"30":{"start":{"line":52,"column":2},"end":{"line":64,"column":4}},"31":{"start":{"line":53,"column":4},"end":{"line":53,"column":28}},"32":{"start":{"line":54,"column":4},"end":{"line":56,"column":5}},"33":{"start":{"line":55,"column":6},"end":{"line":55,"column":68}},"34":{"start":{"line":57,"column":4},"end":{"line":57,"column":17}},"35":{"start":{"line":58,"column":4},"end":{"line":62,"column":5}},"36":{"start":{"line":59,"column":6},"end":{"line":59,"column":48}},"37":{"start":{"line":59,"column":39},"end":{"line":59,"column":48}},"38":{"start":{"line":60,"column":6},"end":{"line":60,"column":27}},"39":{"start":{"line":61,"column":6},"end":{"line":61,"column":52}},"40":{"start":{"line":63,"column":4},"end":{"line":63,"column":19}},"41":{"start":{"line":67,"column":0},"end":{"line":72,"column":2}},"42":{"start":{"line":74,"column":0},"end":{"line":80,"column":2}},"43":{"start":{"line":75,"column":2},"end":{"line":79,"column":4}},"44":{"start":{"line":76,"column":4},"end":{"line":78,"column":6}},"45":{"start":{"line":77,"column":6},"end":{"line":77,"column":57}},"46":{"start":{"line":81,"column":0},"end":{"line":84,"column":1}},"47":{"start":{"line":82,"column":2},"end":{"line":82,"column":48}},"48":{"start":{"line":83,"column":2},"end":{"line":83,"column":31}}},"branchMap":{"1":{"line":11,"type":"binary-expr","locations":[{"start":{"line":11,"column":11},"end":{"line":11,"column":52}},{"start":{"line":11,"column":56},"end":{"line":11,"column":60}}]},"2":{"line":19,"type":"binary-expr","locations":[{"start":{"line":19,"column":11},"end":{"line":19,"column":49}},{"start":{"line":19,"column":53},"end":{"line":19,"column":57}}]},"3":{"line":29,"type":"if","locations":[{"start":{"line":29,"column":4},"end":{"line":29,"column":4}},{"start":{"line":29,"column":4},"end":{"line":29,"column":4}}]},"4":{"line":29,"type":"binary-expr","locations":[{"start":{"line":29,"column":11},"end":{"line":29,"column":22}},{"start":{"line":29,"column":28},"end":{"line":29,"column":41}}]},"5":{"line":39,"type":"if","locations":[{"start":{"line":39,"column":6},"end":{"line":39,"column":6}},{"start":{"line":39,"column":6},"end":{"line":39,"column":6}}]},"6":{"line":54,"type":"if","locations":[{"start":{"line":54,"column":4},"end":{"line":54,"column":4}},{"start":{"line":54,"column":4},"end":{"line":54,"column":4}}]},"7":{"line":59,"type":"if","locations":[{"start":{"line":59,"column":6},"end":{"line":59,"column":6}},{"start":{"line":59,"column":6},"end":{"line":59,"column":6}}]}}},"/Users/mk/workspace/fragments/lib/common-request-headers.js":{"path":"/Users/mk/workspace/fragments/lib/common-request-headers.js","s":{"1":1},"b":{},"f":{},"fnMap":{},"statementMap":{"1":{"start":{"line":2,"column":0},"end":{"line":42,"column":2}}},"branchMap":{}},"/Users/mk/workspace/fragments/lib/common-response-headers.js":{"path":"/Users/mk/workspace/fragments/lib/common-response-headers.js","s":{"1":1},"b":{},"f":{},"fnMap":{},"statementMap":{"1":{"start":{"line":2,"column":0},"end":{"line":44,"column":2}}},"branchMap":{}},"/Users/mk/workspace/fragments/lib/factories/helper.js":{"path":"/Users/mk/workspace/fragments/lib/factories/helper.js","s":{"1":1,"2":0,"3":0,"4":0,"5":0,"6":0,"7":0,"8":0,"9":0,"10":0,"11":0,"12":0,"13":0,"14":0,"15":0,"16":0,"17":0,"18":0,"19":0,"20":0,"21":1,"22":0,"23":0,"24":1,"25":0,"26":0,"27":0,"28":0,"29":0,"30":1,"31":0,"32":0,"33":0,"34":0,"35":0,"36":1,"37":0,"38":0,"39":0,"40":0,"41":0,"42":1,"43":0,"44":0,"45":0,"46":0,"47":0,"48":0,"49":0,"50":0,"51":0,"52":0},"b":{"1":[0,0],"2":[0,0],"3":[0,0],"4":[0,0],"5":[0,0],"6":[0,0]},"f":{"1":0,"2":0,"3":0,"4":0,"5":0,"6":0,"7":0,"8":0,"9":0,"10":0,"11":0,"12":0,"13":0,"14":0,"15":0,"16":0,"17":0,"18":0},"fnMap":{"1":{"name":"(anonymous_1)","line":2,"loc":{"start":{"line":2,"column":39},"end":{"line":2,"column":82}}},"2":{"name":"(anonymous_2)","line":4,"loc":{"start":{"line":4,"column":16},"end":{"line":4,"column":38}}},"3":{"name":"(anonymous_3)","line":14,"loc":{"start":{"line":14,"column":33},"end":{"line":14,"column":51}}},"4":{"name":"(anonymous_4)","line":17,"loc":{"start":{"line":17,"column":31},"end":{"line":17,"column":42}}},"5":{"name":"(anonymous_5)","line":18,"loc":{"start":{"line":18,"column":29},"end":{"line":18,"column":40}}},"6":{"name":"(anonymous_6)","line":23,"loc":{"start":{"line":23,"column":27},"end":{"line":23,"column":38}}},"7":{"name":"(anonymous_7)","line":32,"loc":{"start":{"line":32,"column":51},"end":{"line":32,"column":78}}},"8":{"name":"(anonymous_8)","line":33,"loc":{"start":{"line":33,"column":9},"end":{"line":33,"column":34}}},"9":{"name":"(anonymous_9)","line":38,"loc":{"start":{"line":38,"column":40},"end":{"line":38,"column":115}}},"10":{"name":"(anonymous_10)","line":39,"loc":{"start":{"line":39,"column":9},"end":{"line":39,"column":28}}},"11":{"name":"(anonymous_11)","line":41,"loc":{"start":{"line":41,"column":77},"end":{"line":41,"column":92}}},"12":{"name":"(anonymous_12)","line":50,"loc":{"start":{"line":50,"column":40},"end":{"line":50,"column":67}}},"13":{"name":"(anonymous_13)","line":51,"loc":{"start":{"line":51,"column":9},"end":{"line":51,"column":26}}},"14":{"name":"(anonymous_14)","line":59,"loc":{"start":{"line":59,"column":40},"end":{"line":59,"column":67}}},"15":{"name":"(anonymous_15)","line":60,"loc":{"start":{"line":60,"column":9},"end":{"line":60,"column":26}}},"16":{"name":"(anonymous_16)","line":68,"loc":{"start":{"line":68,"column":49},"end":{"line":68,"column":119}}},"17":{"name":"(anonymous_17)","line":69,"loc":{"start":{"line":69,"column":9},"end":{"line":69,"column":31}}},"18":{"name":"(anonymous_18)","line":74,"loc":{"start":{"line":74,"column":54},"end":{"line":74,"column":79}}}},"statementMap":{"1":{"start":{"line":2,"column":0},"end":{"line":30,"column":2}},"2":{"start":{"line":3,"column":2},"end":{"line":3,"column":18}},"3":{"start":{"line":4,"column":2},"end":{"line":28,"column":4}},"4":{"start":{"line":5,"column":4},"end":{"line":7,"column":5}},"5":{"start":{"line":6,"column":6},"end":{"line":6,"column":18}},"6":{"start":{"line":8,"column":4},"end":{"line":10,"column":5}},"7":{"start":{"line":9,"column":6},"end":{"line":9,"column":18}},"8":{"start":{"line":11,"column":4},"end":{"line":13,"column":5}},"9":{"start":{"line":12,"column":6},"end":{"line":12,"column":84}},"10":{"start":{"line":14,"column":4},"end":{"line":27,"column":7}},"11":{"start":{"line":15,"column":6},"end":{"line":15,"column":17}},"12":{"start":{"line":16,"column":6},"end":{"line":16,"column":44}},"13":{"start":{"line":17,"column":6},"end":{"line":22,"column":9}},"14":{"start":{"line":18,"column":8},"end":{"line":20,"column":11}},"15":{"start":{"line":19,"column":10},"end":{"line":19,"column":31}},"16":{"start":{"line":21,"column":8},"end":{"line":21,"column":30}},"17":{"start":{"line":23,"column":6},"end":{"line":25,"column":9}},"18":{"start":{"line":24,"column":8},"end":{"line":24,"column":57}},"19":{"start":{"line":26,"column":6},"end":{"line":26,"column":33}},"20":{"start":{"line":29,"column":2},"end":{"line":29,"column":21}},"21":{"start":{"line":32,"column":0},"end":{"line":36,"column":2}},"22":{"start":{"line":33,"column":2},"end":{"line":35,"column":4}},"23":{"start":{"line":34,"column":4},"end":{"line":34,"column":57}},"24":{"start":{"line":38,"column":0},"end":{"line":48,"column":2}},"25":{"start":{"line":39,"column":2},"end":{"line":47,"column":4}},"26":{"start":{"line":40,"column":4},"end":{"line":46,"column":5}},"27":{"start":{"line":41,"column":6},"end":{"line":43,"column":9}},"28":{"start":{"line":42,"column":8},"end":{"line":42,"column":58}},"29":{"start":{"line":45,"column":6},"end":{"line":45,"column":45}},"30":{"start":{"line":50,"column":0},"end":{"line":57,"column":2}},"31":{"start":{"line":51,"column":2},"end":{"line":56,"column":4}},"32":{"start":{"line":52,"column":4},"end":{"line":52,"column":22}},"33":{"start":{"line":53,"column":4},"end":{"line":53,"column":51}},"34":{"start":{"line":54,"column":4},"end":{"line":54,"column":40}},"35":{"start":{"line":55,"column":4},"end":{"line":55,"column":25}},"36":{"start":{"line":59,"column":0},"end":{"line":66,"column":2}},"37":{"start":{"line":60,"column":2},"end":{"line":65,"column":4}},"38":{"start":{"line":61,"column":4},"end":{"line":61,"column":22}},"39":{"start":{"line":62,"column":4},"end":{"line":62,"column":51}},"40":{"start":{"line":63,"column":4},"end":{"line":63,"column":40}},"41":{"start":{"line":64,"column":4},"end":{"line":64,"column":25}},"42":{"start":{"line":68,"column":0},"end":{"line":84,"column":2}},"43":{"start":{"line":69,"column":2},"end":{"line":83,"column":4}},"44":{"start":{"line":70,"column":4},"end":{"line":72,"column":5}},"45":{"start":{"line":71,"column":6},"end":{"line":71,"column":23}},"46":{"start":{"line":73,"column":4},"end":{"line":82,"column":5}},"47":{"start":{"line":74,"column":6},"end":{"line":79,"column":9}},"48":{"start":{"line":75,"column":8},"end":{"line":75,"column":26}},"49":{"start":{"line":76,"column":8},"end":{"line":76,"column":55}},"50":{"start":{"line":77,"column":8},"end":{"line":77,"column":44}},"51":{"start":{"line":78,"column":8},"end":{"line":78,"column":29}},"52":{"start":{"line":81,"column":6},"end":{"line":81,"column":47}}},"branchMap":{"1":{"line":5,"type":"if","locations":[{"start":{"line":5,"column":4},"end":{"line":5,"column":4}},{"start":{"line":5,"column":4},"end":{"line":5,"column":4}}]},"2":{"line":8,"type":"if","locations":[{"start":{"line":8,"column":4},"end":{"line":8,"column":4}},{"start":{"line":8,"column":4},"end":{"line":8,"column":4}}]},"3":{"line":11,"type":"if","locations":[{"start":{"line":11,"column":4},"end":{"line":11,"column":4}},{"start":{"line":11,"column":4},"end":{"line":11,"column":4}}]},"4":{"line":40,"type":"if","locations":[{"start":{"line":40,"column":4},"end":{"line":40,"column":4}},{"start":{"line":40,"column":4},"end":{"line":40,"column":4}}]},"5":{"line":70,"type":"if","locations":[{"start":{"line":70,"column":4},"end":{"line":70,"column":4}},{"start":{"line":70,"column":4},"end":{"line":70,"column":4}}]},"6":{"line":73,"type":"if","locations":[{"start":{"line":73,"column":4},"end":{"line":73,"column":4}},{"start":{"line":73,"column":4},"end":{"line":73,"column":4}}]}}},"/Users/mk/workspace/fragments/lib/factories/html.js":{"path":"/Users/mk/workspace/fragments/lib/factories/html.js","s":{"1":1,"2":1,"3":1,"4":0,"5":0,"6":0,"7":0,"8":0,"9":1,"10":0,"11":0,"12":1,"13":3,"14":4,"15":4,"16":4,"17":4,"18":1,"19":3,"20":3,"21":3,"22":3,"23":3,"24":1,"25":1,"26":1,"27":1,"28":1,"29":1,"30":2,"31":1,"32":1,"33":2,"34":2,"35":1,"36":1,"37":1,"38":1,"39":1,"40":1,"41":1,"42":1,"43":2,"44":2,"45":2,"46":112,"47":112,"48":112,"49":112,"50":1,"51":1,"52":1,"53":1,"54":1,"55":112,"56":112,"57":112,"58":2},"b":{"1":[0,4],"2":[1,3],"3":[3,0],"4":[1,0],"5":[1,0],"6":[1,0]},"f":{"1":0,"2":0,"3":0,"4":0,"5":3,"6":4,"7":3,"8":3,"9":1,"10":1,"11":2,"12":2,"13":2,"14":1,"15":1,"16":1,"17":2,"18":112,"19":1,"20":1},"fnMap":{"1":{"name":"(anonymous_1)","line":7,"loc":{"start":{"line":7,"column":37},"end":{"line":7,"column":61}}},"2":{"name":"(anonymous_2)","line":8,"loc":{"start":{"line":8,"column":9},"end":{"line":8,"column":21}}},"3":{"name":"(anonymous_3)","line":16,"loc":{"start":{"line":16,"column":42},"end":{"line":16,"column":100}}},"4":{"name":"(anonymous_4)","line":17,"loc":{"start":{"line":17,"column":9},"end":{"line":17,"column":21}}},"5":{"name":"(anonymous_5)","line":22,"loc":{"start":{"line":22,"column":39},"end":{"line":22,"column":65}}},"6":{"name":"(anonymous_6)","line":23,"loc":{"start":{"line":23,"column":9},"end":{"line":23,"column":20}}},"7":{"name":"(anonymous_7)","line":31,"loc":{"start":{"line":31,"column":35},"end":{"line":31,"column":95}}},"8":{"name":"(anonymous_8)","line":32,"loc":{"start":{"line":32,"column":9},"end":{"line":32,"column":20}}},"9":{"name":"(anonymous_9)","line":40,"loc":{"start":{"line":40,"column":36},"end":{"line":40,"column":87}}},"10":{"name":"(anonymous_10)","line":41,"loc":{"start":{"line":41,"column":9},"end":{"line":41,"column":20}}},"11":{"name":"(anonymous_11)","line":48,"loc":{"start":{"line":48,"column":29},"end":{"line":48,"column":69}}},"12":{"name":"(anonymous_12)","line":54,"loc":{"start":{"line":54,"column":34},"end":{"line":54,"column":75}}},"13":{"name":"(anonymous_13)","line":55,"loc":{"start":{"line":55,"column":9},"end":{"line":55,"column":20}}},"14":{"name":"(anonymous_14)","line":60,"loc":{"start":{"line":60,"column":46},"end":{"line":60,"column":86}}},"15":{"name":"(anonymous_15)","line":61,"loc":{"start":{"line":61,"column":9},"end":{"line":61,"column":20}}},"16":{"name":"(anonymous_16)","line":64,"loc":{"start":{"line":64,"column":15},"end":{"line":64,"column":26}}},"17":{"name":"(anonymous_17)","line":71,"loc":{"start":{"line":71,"column":35},"end":{"line":71,"column":53}}},"18":{"name":"(anonymous_18)","line":76,"loc":{"start":{"line":76,"column":18},"end":{"line":76,"column":55}}},"19":{"name":"(anonymous_19)","line":78,"loc":{"start":{"line":78,"column":16},"end":{"line":78,"column":52}}},"20":{"name":"(anonymous_20)","line":79,"loc":{"start":{"line":79,"column":15},"end":{"line":79,"column":26}}}},"statementMap":{"1":{"start":{"line":2,"column":0},"end":{"line":3,"column":19}},"2":{"start":{"line":5,"column":0},"end":{"line":5,"column":53}},"3":{"start":{"line":7,"column":0},"end":{"line":14,"column":2}},"4":{"start":{"line":8,"column":2},"end":{"line":13,"column":4}},"5":{"start":{"line":9,"column":4},"end":{"line":9,"column":10}},"6":{"start":{"line":10,"column":4},"end":{"line":10,"column":26}},"7":{"start":{"line":11,"column":4},"end":{"line":11,"column":9}},"8":{"start":{"line":12,"column":4},"end":{"line":12,"column":21}},"9":{"start":{"line":16,"column":0},"end":{"line":20,"column":2}},"10":{"start":{"line":17,"column":2},"end":{"line":19,"column":4}},"11":{"start":{"line":18,"column":4},"end":{"line":18,"column":72}},"12":{"start":{"line":22,"column":0},"end":{"line":29,"column":2}},"13":{"start":{"line":23,"column":2},"end":{"line":28,"column":4}},"14":{"start":{"line":24,"column":4},"end":{"line":24,"column":42}},"15":{"start":{"line":25,"column":4},"end":{"line":25,"column":100}},"16":{"start":{"line":26,"column":4},"end":{"line":26,"column":188}},"17":{"start":{"line":27,"column":4},"end":{"line":27,"column":57}},"18":{"start":{"line":31,"column":0},"end":{"line":38,"column":2}},"19":{"start":{"line":32,"column":2},"end":{"line":37,"column":4}},"20":{"start":{"line":33,"column":4},"end":{"line":33,"column":13}},"21":{"start":{"line":34,"column":4},"end":{"line":34,"column":65}},"22":{"start":{"line":35,"column":4},"end":{"line":35,"column":41}},"23":{"start":{"line":36,"column":4},"end":{"line":36,"column":43}},"24":{"start":{"line":40,"column":0},"end":{"line":46,"column":2}},"25":{"start":{"line":41,"column":2},"end":{"line":45,"column":4}},"26":{"start":{"line":42,"column":4},"end":{"line":42,"column":13}},"27":{"start":{"line":43,"column":4},"end":{"line":43,"column":65}},"28":{"start":{"line":44,"column":4},"end":{"line":44,"column":70}},"29":{"start":{"line":48,"column":0},"end":{"line":50,"column":2}},"30":{"start":{"line":49,"column":2},"end":{"line":49,"column":27}},"31":{"start":{"line":52,"column":0},"end":{"line":52,"column":26}},"32":{"start":{"line":54,"column":0},"end":{"line":58,"column":2}},"33":{"start":{"line":55,"column":2},"end":{"line":57,"column":4}},"34":{"start":{"line":56,"column":4},"end":{"line":56,"column":50}},"35":{"start":{"line":60,"column":0},"end":{"line":69,"column":2}},"36":{"start":{"line":61,"column":2},"end":{"line":68,"column":4}},"37":{"start":{"line":62,"column":4},"end":{"line":62,"column":25}},"38":{"start":{"line":63,"column":4},"end":{"line":63,"column":92}},"39":{"start":{"line":64,"column":4},"end":{"line":66,"column":7}},"40":{"start":{"line":65,"column":6},"end":{"line":65,"column":56}},"41":{"start":{"line":67,"column":4},"end":{"line":67,"column":30}},"42":{"start":{"line":71,"column":0},"end":{"line":92,"column":3}},"43":{"start":{"line":72,"column":2},"end":{"line":72,"column":42}},"44":{"start":{"line":73,"column":2},"end":{"line":73,"column":15}},"45":{"start":{"line":74,"column":2},"end":{"line":90,"column":3}},"46":{"start":{"line":75,"column":4},"end":{"line":75,"column":57}},"47":{"start":{"line":76,"column":4},"end":{"line":89,"column":36}},"48":{"start":{"line":77,"column":6},"end":{"line":77,"column":18}},"49":{"start":{"line":78,"column":6},"end":{"line":85,"column":8}},"50":{"start":{"line":79,"column":8},"end":{"line":84,"column":10}},"51":{"start":{"line":80,"column":10},"end":{"line":80,"column":19}},"52":{"start":{"line":81,"column":10},"end":{"line":81,"column":71}},"53":{"start":{"line":82,"column":10},"end":{"line":82,"column":42}},"54":{"start":{"line":83,"column":10},"end":{"line":83,"column":40}},"55":{"start":{"line":86,"column":6},"end":{"line":86,"column":76}},"56":{"start":{"line":87,"column":6},"end":{"line":87,"column":71}},"57":{"start":{"line":88,"column":6},"end":{"line":88,"column":82}},"58":{"start":{"line":91,"column":2},"end":{"line":91,"column":17}}},"branchMap":{"1":{"line":25,"type":"cond-expr","locations":[{"start":{"line":25,"column":70},"end":{"line":25,"column":94}},{"start":{"line":25,"column":97},"end":{"line":25,"column":99}}]},"2":{"line":26,"type":"cond-expr","locations":[{"start":{"line":26,"column":67},"end":{"line":26,"column":85}},{"start":{"line":26,"column":88},"end":{"line":26,"column":187}}]},"3":{"line":34,"type":"cond-expr","locations":[{"start":{"line":34,"column":35},"end":{"line":34,"column":59}},{"start":{"line":34,"column":62},"end":{"line":34,"column":64}}]},"4":{"line":43,"type":"cond-expr","locations":[{"start":{"line":43,"column":35},"end":{"line":43,"column":59}},{"start":{"line":43,"column":62},"end":{"line":43,"column":64}}]},"5":{"line":63,"type":"cond-expr","locations":[{"start":{"line":63,"column":62},"end":{"line":63,"column":86}},{"start":{"line":63,"column":89},"end":{"line":63,"column":91}}]},"6":{"line":81,"type":"cond-expr","locations":[{"start":{"line":81,"column":41},"end":{"line":81,"column":65}},{"start":{"line":81,"column":68},"end":{"line":81,"column":70}}]}}},"/Users/mk/workspace/fragments/lib/status-codes.js":{"path":"/Users/mk/workspace/fragments/lib/status-codes.js","s":{"1":1},"b":{},"f":{},"fnMap":{},"statementMap":{"1":{"start":{"line":2,"column":0},"end":{"line":59,"column":2}}},"branchMap":{}},"/Users/mk/workspace/fragments/lib/factories/jwt.js":{"path":"/Users/mk/workspace/fragments/lib/factories/jwt.js","s":{"1":1,"2":2,"3":1,"4":2,"5":1,"6":1,"7":2,"8":2,"9":2,"10":1,"11":2,"12":3,"13":1,"14":6,"15":0,"16":6,"17":6,"18":6,"19":0,"20":6,"21":3,"22":3},"b":{"1":[0,6],"2":[0,6],"3":[6,0],"4":[3,3]},"f":{"1":2,"2":2,"3":1,"4":2,"5":2,"6":3,"7":6,"8":6,"9":6},"fnMap":{"1":{"name":"(anonymous_1)","line":2,"loc":{"start":{"line":2,"column":46},"end":{"line":2,"column":57}}},"2":{"name":"(anonymous_2)","line":6,"loc":{"start":{"line":6,"column":41},"end":{"line":6,"column":137}}},"3":{"name":"(anonymous_3)","line":13,"loc":{"start":{"line":13,"column":34},"end":{"line":13,"column":161}}},"4":{"name":"(anonymous_4)","line":14,"loc":{"start":{"line":14,"column":9},"end":{"line":14,"column":27}}},"5":{"name":"(anonymous_5)","line":23,"loc":{"start":{"line":23,"column":38},"end":{"line":23,"column":115}}},"6":{"name":"(anonymous_6)","line":24,"loc":{"start":{"line":24,"column":9},"end":{"line":24,"column":29}}},"7":{"name":"(anonymous_7)","line":29,"loc":{"start":{"line":29,"column":33},"end":{"line":29,"column":190}}},"8":{"name":"(anonymous_8)","line":33,"loc":{"start":{"line":33,"column":31},"end":{"line":33,"column":57}}},"9":{"name":"(anonymous_9)","line":34,"loc":{"start":{"line":34,"column":65},"end":{"line":34,"column":76}}}},"statementMap":{"1":{"start":{"line":2,"column":0},"end":{"line":4,"column":2}},"2":{"start":{"line":3,"column":2},"end":{"line":3,"column":17}},"3":{"start":{"line":6,"column":0},"end":{"line":11,"column":2}},"4":{"start":{"line":7,"column":2},"end":{"line":10,"column":5}},"5":{"start":{"line":13,"column":0},"end":{"line":21,"column":2}},"6":{"start":{"line":14,"column":2},"end":{"line":20,"column":4}},"7":{"start":{"line":15,"column":4},"end":{"line":15,"column":25}},"8":{"start":{"line":16,"column":4},"end":{"line":16,"column":115}},"9":{"start":{"line":17,"column":4},"end":{"line":19,"column":7}},"10":{"start":{"line":23,"column":0},"end":{"line":27,"column":2}},"11":{"start":{"line":24,"column":2},"end":{"line":26,"column":4}},"12":{"start":{"line":25,"column":4},"end":{"line":25,"column":89}},"13":{"start":{"line":29,"column":0},"end":{"line":45,"column":2}},"14":{"start":{"line":30,"column":2},"end":{"line":32,"column":3}},"15":{"start":{"line":31,"column":4},"end":{"line":31,"column":89}},"16":{"start":{"line":33,"column":2},"end":{"line":44,"column":5}},"17":{"start":{"line":34,"column":4},"end":{"line":43,"column":7}},"18":{"start":{"line":35,"column":6},"end":{"line":37,"column":7}},"19":{"start":{"line":36,"column":8},"end":{"line":36,"column":27}},"20":{"start":{"line":38,"column":6},"end":{"line":42,"column":7}},"21":{"start":{"line":39,"column":8},"end":{"line":39,"column":102}},"22":{"start":{"line":41,"column":8},"end":{"line":41,"column":29}}},"branchMap":{"1":{"line":30,"type":"if","locations":[{"start":{"line":30,"column":2},"end":{"line":30,"column":2}},{"start":{"line":30,"column":2},"end":{"line":30,"column":2}}]},"2":{"line":35,"type":"if","locations":[{"start":{"line":35,"column":6},"end":{"line":35,"column":6}},{"start":{"line":35,"column":6},"end":{"line":35,"column":6}}]},"3":{"line":35,"type":"binary-expr","locations":[{"start":{"line":35,"column":10},"end":{"line":35,"column":36}},{"start":{"line":35,"column":40},"end":{"line":35,"column":52}}]},"4":{"line":38,"type":"if","locations":[{"start":{"line":38,"column":6},"end":{"line":38,"column":6}},{"start":{"line":38,"column":6},"end":{"line":38,"column":6}}]}}},"/Users/mk/workspace/fragments/lib/factories/lifetime.js":{"path":"/Users/mk/workspace/fragments/lib/factories/lifetime.js","s":{"1":1,"2":30,"3":50},"b":{},"f":{"1":30,"2":50},"fnMap":{"1":{"name":"(anonymous_1)","line":2,"loc":{"start":{"line":2,"column":39},"end":{"line":2,"column":115}}},"2":{"name":"(anonymous_2)","line":3,"loc":{"start":{"line":3,"column":9},"end":{"line":3,"column":27}}}},"statementMap":{"1":{"start":{"line":2,"column":0},"end":{"line":6,"column":2}},"2":{"start":{"line":3,"column":2},"end":{"line":5,"column":4}},"3":{"start":{"line":4,"column":4},"end":{"line":4,"column":86}}},"branchMap":{}},"/Users/mk/workspace/fragments/lib/factories/metadata.js":{"path":"/Users/mk/workspace/fragments/lib/factories/metadata.js","s":{"1":1,"2":2,"3":1,"4":0,"5":0,"6":1,"7":1,"8":2},"b":{},"f":{"1":2,"2":0,"3":0,"4":1,"5":2},"fnMap":{"1":{"name":"(anonymous_1)","line":2,"loc":{"start":{"line":2,"column":33},"end":{"line":2,"column":44}}},"2":{"name":"(anonymous_2)","line":6,"loc":{"start":{"line":6,"column":35},"end":{"line":6,"column":61}}},"3":{"name":"(anonymous_3)","line":7,"loc":{"start":{"line":7,"column":9},"end":{"line":7,"column":20}}},"4":{"name":"(anonymous_4)","line":12,"loc":{"start":{"line":12,"column":36},"end":{"line":12,"column":62}}},"5":{"name":"(anonymous_5)","line":13,"loc":{"start":{"line":13,"column":9},"end":{"line":13,"column":25}}}},"statementMap":{"1":{"start":{"line":2,"column":0},"end":{"line":4,"column":2}},"2":{"start":{"line":3,"column":2},"end":{"line":3,"column":12}},"3":{"start":{"line":6,"column":0},"end":{"line":10,"column":2}},"4":{"start":{"line":7,"column":2},"end":{"line":9,"column":4}},"5":{"start":{"line":8,"column":4},"end":{"line":8,"column":27}},"6":{"start":{"line":12,"column":0},"end":{"line":16,"column":2}},"7":{"start":{"line":13,"column":2},"end":{"line":15,"column":4}},"8":{"start":{"line":14,"column":4},"end":{"line":14,"column":39}}},"branchMap":{}},"/Users/mk/workspace/fragments/lib/factories/middleware.js":{"path":"/Users/mk/workspace/fragments/lib/factories/middleware.js","s":{"1":1,"2":20,"3":416,"4":71,"5":36,"6":71,"7":1,"8":1,"9":1,"10":1,"11":1,"12":1,"13":6,"14":108,"15":378},"b":{"1":[36,35]},"f":{"1":20,"2":416,"3":71,"4":1,"5":6,"6":108,"7":378},"fnMap":{"1":{"name":"(anonymous_1)","line":2,"loc":{"start":{"line":2,"column":38},"end":{"line":2,"column":133}}},"2":{"name":"(anonymous_2)","line":3,"loc":{"start":{"line":3,"column":9},"end":{"line":3,"column":33}}},"3":{"name":"(anonymous_3)","line":4,"loc":{"start":{"line":4,"column":11},"end":{"line":4,"column":44}}},"4":{"name":"(anonymous_4)","line":16,"loc":{"start":{"line":16,"column":33},"end":{"line":16,"column":47}}},"5":{"name":"(anonymous_5)","line":27,"loc":{"start":{"line":27,"column":57},"end":{"line":27,"column":74}}},"6":{"name":"(anonymous_6)","line":28,"loc":{"start":{"line":28,"column":65},"end":{"line":28,"column":115}}},"7":{"name":"(anonymous_7)","line":29,"loc":{"start":{"line":29,"column":11},"end":{"line":29,"column":47}}}},"statementMap":{"1":{"start":{"line":2,"column":0},"end":{"line":25,"column":2}},"2":{"start":{"line":3,"column":2},"end":{"line":24,"column":4}},"3":{"start":{"line":4,"column":4},"end":{"line":23,"column":6}},"4":{"start":{"line":5,"column":6},"end":{"line":10,"column":7}},"5":{"start":{"line":6,"column":8},"end":{"line":9,"column":10}},"6":{"start":{"line":11,"column":6},"end":{"line":22,"column":9}},"7":{"start":{"line":17,"column":8},"end":{"line":17,"column":41}},"8":{"start":{"line":18,"column":8},"end":{"line":18,"column":37}},"9":{"start":{"line":19,"column":8},"end":{"line":19,"column":43}},"10":{"start":{"line":20,"column":8},"end":{"line":20,"column":29}},"11":{"start":{"line":21,"column":8},"end":{"line":21,"column":39}},"12":{"start":{"line":27,"column":0},"end":{"line":33,"column":3}},"13":{"start":{"line":28,"column":2},"end":{"line":32,"column":4}},"14":{"start":{"line":29,"column":4},"end":{"line":31,"column":6}},"15":{"start":{"line":30,"column":6},"end":{"line":30,"column":88}}},"branchMap":{"1":{"line":5,"type":"if","locations":[{"start":{"line":5,"column":6},"end":{"line":5,"column":6}},{"start":{"line":5,"column":6},"end":{"line":5,"column":6}}]}}},"/Users/mk/workspace/fragments/lib/factories/redirect.js":{"path":"/Users/mk/workspace/fragments/lib/factories/redirect.js","s":{"1":1,"2":1,"3":1,"4":1,"5":1,"6":0,"7":0},"b":{"1":[0,0]},"f":{"1":1,"2":1,"3":0,"4":0},"fnMap":{"1":{"name":"(anonymous_1)","line":2,"loc":{"start":{"line":2,"column":36},"end":{"line":2,"column":105}}},"2":{"name":"(anonymous_2)","line":3,"loc":{"start":{"line":3,"column":9},"end":{"line":3,"column":28}}},"3":{"name":"(anonymous_3)","line":9,"loc":{"start":{"line":9,"column":45},"end":{"line":9,"column":114}}},"4":{"name":"(anonymous_4)","line":10,"loc":{"start":{"line":10,"column":9},"end":{"line":10,"column":20}}}},"statementMap":{"1":{"start":{"line":2,"column":0},"end":{"line":7,"column":2}},"2":{"start":{"line":3,"column":2},"end":{"line":6,"column":4}},"3":{"start":{"line":4,"column":4},"end":{"line":4,"column":42}},"4":{"start":{"line":5,"column":4},"end":{"line":5,"column":43}},"5":{"start":{"line":9,"column":0},"end":{"line":13,"column":2}},"6":{"start":{"line":10,"column":2},"end":{"line":12,"column":4}},"7":{"start":{"line":11,"column":4},"end":{"line":11,"column":72}}},"branchMap":{"1":{"line":11,"type":"binary-expr","locations":[{"start":{"line":11,"column":30},"end":{"line":11,"column":53}},{"start":{"line":11,"column":57},"end":{"line":11,"column":70}}]}}},"/Users/mk/workspace/fragments/lib/factories/redis.js":{"path":"/Users/mk/workspace/fragments/lib/factories/redis.js","s":{"1":1,"2":2,"3":2,"4":2,"5":2,"6":2,"7":0,"8":2,"9":2,"10":0,"11":2,"12":0,"13":2,"14":2,"15":2,"16":2,"17":2,"18":2,"19":2,"20":2},"b":{"1":[0,2],"2":[0,2],"3":[0,2]},"f":{"1":2,"2":2,"3":2,"4":2},"fnMap":{"1":{"name":"(anonymous_1)","line":2,"loc":{"start":{"line":2,"column":39},"end":{"line":2,"column":199}}},"2":{"name":"(anonymous_2)","line":17,"loc":{"start":{"line":17,"column":32},"end":{"line":17,"column":43}}},"3":{"name":"(anonymous_3)","line":19,"loc":{"start":{"line":19,"column":33},"end":{"line":19,"column":59}}},"4":{"name":"(anonymous_4)","line":20,"loc":{"start":{"line":20,"column":28},"end":{"line":20,"column":39}}}},"statementMap":{"1":{"start":{"line":2,"column":0},"end":{"line":28,"column":2}},"2":{"start":{"line":3,"column":2},"end":{"line":3,"column":71}},"3":{"start":{"line":4,"column":2},"end":{"line":4,"column":66}},"4":{"start":{"line":5,"column":2},"end":{"line":5,"column":34}},"5":{"start":{"line":6,"column":2},"end":{"line":6,"column":38}},"6":{"start":{"line":7,"column":2},"end":{"line":9,"column":3}},"7":{"start":{"line":8,"column":4},"end":{"line":8,"column":54}},"8":{"start":{"line":10,"column":2},"end":{"line":10,"column":67}},"9":{"start":{"line":11,"column":2},"end":{"line":13,"column":3}},"10":{"start":{"line":12,"column":4},"end":{"line":12,"column":36}},"11":{"start":{"line":14,"column":2},"end":{"line":16,"column":3}},"12":{"start":{"line":15,"column":4},"end":{"line":15,"column":55}},"13":{"start":{"line":17,"column":2},"end":{"line":26,"column":5}},"14":{"start":{"line":18,"column":4},"end":{"line":18,"column":78}},"15":{"start":{"line":19,"column":4},"end":{"line":25,"column":7}},"16":{"start":{"line":20,"column":6},"end":{"line":23,"column":9}},"17":{"start":{"line":21,"column":8},"end":{"line":21,"column":56}},"18":{"start":{"line":22,"column":8},"end":{"line":22,"column":25}},"19":{"start":{"line":24,"column":6},"end":{"line":24,"column":32}},"20":{"start":{"line":27,"column":2},"end":{"line":27,"column":21}}},"branchMap":{"1":{"line":7,"type":"if","locations":[{"start":{"line":7,"column":2},"end":{"line":7,"column":2}},{"start":{"line":7,"column":2},"end":{"line":7,"column":2}}]},"2":{"line":11,"type":"if","locations":[{"start":{"line":11,"column":2},"end":{"line":11,"column":2}},{"start":{"line":11,"column":2},"end":{"line":11,"column":2}}]},"3":{"line":14,"type":"if","locations":[{"start":{"line":14,"column":2},"end":{"line":14,"column":2}},{"start":{"line":14,"column":2},"end":{"line":14,"column":2}}]}}},"/Users/mk/workspace/fragments/lib/factories/require.js":{"path":"/Users/mk/workspace/fragments/lib/factories/require.js","s":{"1":1,"2":1,"3":20,"4":1,"5":0,"6":1,"7":0,"8":1,"9":0,"10":1,"11":18,"12":1,"13":2,"14":1,"15":0,"16":1,"17":0,"18":1,"19":20,"20":1,"21":28,"22":1,"23":1,"24":1,"25":18,"26":1,"27":2,"28":2,"29":2,"30":3,"31":3,"32":3,"33":2,"34":1,"35":30,"36":1,"37":2,"38":1,"39":30,"40":1,"41":0,"42":1,"43":1,"44":1,"45":2,"46":1,"47":0,"48":1,"49":2,"50":1,"51":3,"52":3,"53":3,"54":3,"55":1,"56":1,"57":1,"58":0,"59":1,"60":0,"61":1,"62":2,"63":1,"64":18,"65":1,"66":18,"67":1,"68":18,"69":1,"70":18,"71":18,"72":18,"73":18,"74":35,"75":35,"76":0,"77":0,"78":35,"79":34,"80":1,"81":1,"82":35,"83":1,"84":18,"85":1,"86":2,"87":1,"88":1,"89":1,"90":2},"b":{"1":[3,0],"2":[0,35],"3":[34,1]},"f":{"1":20,"2":0,"3":0,"4":0,"5":18,"6":2,"7":0,"8":0,"9":20,"10":28,"11":1,"12":18,"13":2,"14":3,"15":30,"16":2,"17":30,"18":0,"19":1,"20":2,"21":0,"22":2,"23":3,"24":1,"25":0,"26":0,"27":2,"28":18,"29":18,"30":18,"31":18,"32":18,"33":35,"34":18,"35":2,"36":1,"37":2},"fnMap":{"1":{"name":"(anonymous_1)","line":4,"loc":{"start":{"line":4,"column":32},"end":{"line":4,"column":43}}},"2":{"name":"(anonymous_2)","line":8,"loc":{"start":{"line":8,"column":31},"end":{"line":8,"column":42}}},"3":{"name":"(anonymous_3)","line":12,"loc":{"start":{"line":12,"column":30},"end":{"line":12,"column":58}}},"4":{"name":"(anonymous_4)","line":16,"loc":{"start":{"line":16,"column":32},"end":{"line":16,"column":43}}},"5":{"name":"(anonymous_5)","line":20,"loc":{"start":{"line":20,"column":31},"end":{"line":20,"column":42}}},"6":{"name":"(anonymous_6)","line":24,"loc":{"start":{"line":24,"column":34},"end":{"line":24,"column":45}}},"7":{"name":"(anonymous_7)","line":28,"loc":{"start":{"line":28,"column":39},"end":{"line":28,"column":50}}},"8":{"name":"(anonymous_8)","line":32,"loc":{"start":{"line":32,"column":40},"end":{"line":32,"column":68}}},"9":{"name":"(anonymous_9)","line":36,"loc":{"start":{"line":36,"column":35},"end":{"line":36,"column":46}}},"10":{"name":"(anonymous_10)","line":40,"loc":{"start":{"line":40,"column":33},"end":{"line":40,"column":44}}},"11":{"name":"(anonymous_11)","line":44,"loc":{"start":{"line":44,"column":38},"end":{"line":44,"column":49}}},"12":{"name":"(anonymous_12)","line":48,"loc":{"start":{"line":48,"column":35},"end":{"line":48,"column":46}}},"13":{"name":"(anonymous_13)","line":52,"loc":{"start":{"line":52,"column":31},"end":{"line":52,"column":63}}},"14":{"name":"(anonymous_14)","line":55,"loc":{"start":{"line":55,"column":22},"end":{"line":55,"column":33}}},"15":{"name":"(anonymous_15)","line":63,"loc":{"start":{"line":63,"column":34},"end":{"line":63,"column":45}}},"16":{"name":"(anonymous_16)","line":67,"loc":{"start":{"line":67,"column":34},"end":{"line":67,"column":45}}},"17":{"name":"(anonymous_17)","line":71,"loc":{"start":{"line":71,"column":35},"end":{"line":71,"column":46}}},"18":{"name":"(anonymous_18)","line":75,"loc":{"start":{"line":75,"column":34},"end":{"line":75,"column":45}}},"19":{"name":"(anonymous_19)","line":79,"loc":{"start":{"line":79,"column":29},"end":{"line":79,"column":40}}},"20":{"name":"(anonymous_20)","line":83,"loc":{"start":{"line":83,"column":33},"end":{"line":83,"column":44}}},"21":{"name":"(anonymous_21)","line":87,"loc":{"start":{"line":87,"column":34},"end":{"line":87,"column":62}}},"22":{"name":"(anonymous_22)","line":91,"loc":{"start":{"line":91,"column":32},"end":{"line":91,"column":43}}},"23":{"name":"(anonymous_23)","line":95,"loc":{"start":{"line":95,"column":33},"end":{"line":95,"column":44}}},"24":{"name":"(anonymous_24)","line":102,"loc":{"start":{"line":102,"column":31},"end":{"line":102,"column":42}}},"25":{"name":"(anonymous_25)","line":106,"loc":{"start":{"line":106,"column":32},"end":{"line":106,"column":43}}},"26":{"name":"(anonymous_26)","line":110,"loc":{"start":{"line":110,"column":35},"end":{"line":110,"column":46}}},"27":{"name":"(anonymous_27)","line":114,"loc":{"start":{"line":114,"column":40},"end":{"line":114,"column":51}}},"28":{"name":"(anonymous_28)","line":118,"loc":{"start":{"line":118,"column":46},"end":{"line":118,"column":57}}},"29":{"name":"(anonymous_29)","line":122,"loc":{"start":{"line":122,"column":46},"end":{"line":122,"column":57}}},"30":{"name":"(anonymous_30)","line":126,"loc":{"start":{"line":126,"column":45},"end":{"line":126,"column":56}}},"31":{"name":"(anonymous_31)","line":130,"loc":{"start":{"line":130,"column":39},"end":{"line":130,"column":63}}},"32":{"name":"(anonymous_32)","line":133,"loc":{"start":{"line":133,"column":9},"end":{"line":133,"column":27}}},"33":{"name":"(anonymous_33)","line":134,"loc":{"start":{"line":134,"column":11},"end":{"line":134,"column":36}}},"34":{"name":"(anonymous_34)","line":151,"loc":{"start":{"line":151,"column":47},"end":{"line":151,"column":58}}},"35":{"name":"(anonymous_35)","line":155,"loc":{"start":{"line":155,"column":42},"end":{"line":155,"column":53}}},"36":{"name":"(anonymous_36)","line":159,"loc":{"start":{"line":159,"column":37},"end":{"line":159,"column":48}}},"37":{"name":"(anonymous_37)","line":163,"loc":{"start":{"line":163,"column":38},"end":{"line":163,"column":49}}}},"statementMap":{"1":{"start":{"line":2,"column":0},"end":{"line":2,"column":21}},"2":{"start":{"line":4,"column":0},"end":{"line":6,"column":2}},"3":{"start":{"line":5,"column":2},"end":{"line":5,"column":25}},"4":{"start":{"line":8,"column":0},"end":{"line":10,"column":2}},"5":{"start":{"line":9,"column":2},"end":{"line":9,"column":24}},"6":{"start":{"line":12,"column":0},"end":{"line":14,"column":2}},"7":{"start":{"line":13,"column":2},"end":{"line":13,"column":55}},"8":{"start":{"line":16,"column":0},"end":{"line":18,"column":2}},"9":{"start":{"line":17,"column":2},"end":{"line":17,"column":25}},"10":{"start":{"line":20,"column":0},"end":{"line":22,"column":2}},"11":{"start":{"line":21,"column":2},"end":{"line":21,"column":24}},"12":{"start":{"line":24,"column":0},"end":{"line":26,"column":2}},"13":{"start":{"line":25,"column":2},"end":{"line":25,"column":27}},"14":{"start":{"line":28,"column":0},"end":{"line":30,"column":2}},"15":{"start":{"line":29,"column":2},"end":{"line":29,"column":32}},"16":{"start":{"line":32,"column":0},"end":{"line":34,"column":2}},"17":{"start":{"line":33,"column":2},"end":{"line":33,"column":66}},"18":{"start":{"line":36,"column":0},"end":{"line":38,"column":2}},"19":{"start":{"line":37,"column":2},"end":{"line":37,"column":28}},"20":{"start":{"line":40,"column":0},"end":{"line":42,"column":2}},"21":{"start":{"line":41,"column":2},"end":{"line":41,"column":26}},"22":{"start":{"line":44,"column":0},"end":{"line":46,"column":2}},"23":{"start":{"line":45,"column":2},"end":{"line":45,"column":32}},"24":{"start":{"line":48,"column":0},"end":{"line":50,"column":2}},"25":{"start":{"line":49,"column":2},"end":{"line":49,"column":28}},"26":{"start":{"line":52,"column":0},"end":{"line":61,"column":2}},"27":{"start":{"line":53,"column":2},"end":{"line":53,"column":8}},"28":{"start":{"line":54,"column":2},"end":{"line":54,"column":21}},"29":{"start":{"line":55,"column":2},"end":{"line":59,"column":4}},"30":{"start":{"line":56,"column":4},"end":{"line":56,"column":13}},"31":{"start":{"line":57,"column":4},"end":{"line":57,"column":65}},"32":{"start":{"line":58,"column":4},"end":{"line":58,"column":64}},"33":{"start":{"line":60,"column":2},"end":{"line":60,"column":11}},"34":{"start":{"line":63,"column":0},"end":{"line":65,"column":2}},"35":{"start":{"line":64,"column":2},"end":{"line":64,"column":27}},"36":{"start":{"line":67,"column":0},"end":{"line":69,"column":2}},"37":{"start":{"line":68,"column":2},"end":{"line":68,"column":27}},"38":{"start":{"line":71,"column":0},"end":{"line":73,"column":2}},"39":{"start":{"line":72,"column":2},"end":{"line":72,"column":29}},"40":{"start":{"line":75,"column":0},"end":{"line":77,"column":2}},"41":{"start":{"line":76,"column":2},"end":{"line":76,"column":27}},"42":{"start":{"line":79,"column":0},"end":{"line":81,"column":2}},"43":{"start":{"line":80,"column":2},"end":{"line":80,"column":27}},"44":{"start":{"line":83,"column":0},"end":{"line":85,"column":2}},"45":{"start":{"line":84,"column":2},"end":{"line":84,"column":26}},"46":{"start":{"line":87,"column":0},"end":{"line":89,"column":2}},"47":{"start":{"line":88,"column":2},"end":{"line":88,"column":59}},"48":{"start":{"line":91,"column":0},"end":{"line":93,"column":2}},"49":{"start":{"line":92,"column":2},"end":{"line":92,"column":30}},"50":{"start":{"line":95,"column":0},"end":{"line":100,"column":2}},"51":{"start":{"line":96,"column":2},"end":{"line":96,"column":12}},"52":{"start":{"line":97,"column":2},"end":{"line":97,"column":34}},"53":{"start":{"line":98,"column":2},"end":{"line":98,"column":35}},"54":{"start":{"line":99,"column":2},"end":{"line":99,"column":15}},"55":{"start":{"line":102,"column":0},"end":{"line":104,"column":2}},"56":{"start":{"line":103,"column":2},"end":{"line":103,"column":33}},"57":{"start":{"line":106,"column":0},"end":{"line":108,"column":2}},"58":{"start":{"line":107,"column":2},"end":{"line":107,"column":26}},"59":{"start":{"line":110,"column":0},"end":{"line":112,"column":2}},"60":{"start":{"line":111,"column":2},"end":{"line":111,"column":28}},"61":{"start":{"line":114,"column":0},"end":{"line":116,"column":2}},"62":{"start":{"line":115,"column":2},"end":{"line":115,"column":34}},"63":{"start":{"line":118,"column":0},"end":{"line":120,"column":2}},"64":{"start":{"line":119,"column":2},"end":{"line":119,"column":32}},"65":{"start":{"line":122,"column":0},"end":{"line":124,"column":2}},"66":{"start":{"line":123,"column":2},"end":{"line":123,"column":33}},"67":{"start":{"line":126,"column":0},"end":{"line":128,"column":2}},"68":{"start":{"line":127,"column":2},"end":{"line":127,"column":32}},"69":{"start":{"line":130,"column":0},"end":{"line":149,"column":2}},"70":{"start":{"line":131,"column":2},"end":{"line":131,"column":9}},"71":{"start":{"line":132,"column":2},"end":{"line":132,"column":21}},"72":{"start":{"line":133,"column":2},"end":{"line":148,"column":4}},"73":{"start":{"line":134,"column":4},"end":{"line":147,"column":6}},"74":{"start":{"line":135,"column":6},"end":{"line":135,"column":20}},"75":{"start":{"line":136,"column":6},"end":{"line":139,"column":7}},"76":{"start":{"line":137,"column":8},"end":{"line":137,"column":15}},"77":{"start":{"line":138,"column":8},"end":{"line":138,"column":15}},"78":{"start":{"line":140,"column":6},"end":{"line":145,"column":7}},"79":{"start":{"line":141,"column":8},"end":{"line":141,"column":23}},"80":{"start":{"line":143,"column":8},"end":{"line":143,"column":49}},"81":{"start":{"line":144,"column":8},"end":{"line":144,"column":55}},"82":{"start":{"line":146,"column":6},"end":{"line":146,"column":20}},"83":{"start":{"line":151,"column":0},"end":{"line":153,"column":2}},"84":{"start":{"line":152,"column":2},"end":{"line":152,"column":34}},"85":{"start":{"line":155,"column":0},"end":{"line":157,"column":2}},"86":{"start":{"line":156,"column":2},"end":{"line":156,"column":36}},"87":{"start":{"line":159,"column":0},"end":{"line":161,"column":2}},"88":{"start":{"line":160,"column":2},"end":{"line":160,"column":31}},"89":{"start":{"line":163,"column":0},"end":{"line":165,"column":2}},"90":{"start":{"line":164,"column":2},"end":{"line":164,"column":32}}},"branchMap":{"1":{"line":57,"type":"cond-expr","locations":[{"start":{"line":57,"column":35},"end":{"line":57,"column":59}},{"start":{"line":57,"column":62},"end":{"line":57,"column":64}}]},"2":{"line":136,"type":"if","locations":[{"start":{"line":136,"column":6},"end":{"line":136,"column":6}},{"start":{"line":136,"column":6},"end":{"line":136,"column":6}}]},"3":{"line":140,"type":"if","locations":[{"start":{"line":140,"column":6},"end":{"line":140,"column":6}},{"start":{"line":140,"column":6},"end":{"line":140,"column":6}}]}}},"/Users/mk/workspace/fragments/lib/factories/response.js":{"path":"/Users/mk/workspace/fragments/lib/factories/response.js","s":{"1":1,"2":1,"3":0,"4":0,"5":0,"6":0,"7":1,"8":35,"9":35,"10":35,"11":35,"12":1,"13":15,"14":15,"15":15,"16":1,"17":1,"18":1,"19":1,"20":1,"21":1,"22":1,"23":2,"24":2,"25":2,"26":2,"27":2},"b":{"1":[0,0],"2":[34,1],"3":[1,0],"4":[2,0]},"f":{"1":0,"2":0,"3":35,"4":35,"5":15,"6":15,"7":1,"8":1,"9":2,"10":2},"fnMap":{"1":{"name":"(anonymous_1)","line":4,"loc":{"start":{"line":4,"column":33},"end":{"line":4,"column":57}}},"2":{"name":"(anonymous_2)","line":5,"loc":{"start":{"line":5,"column":9},"end":{"line":5,"column":20}}},"3":{"name":"(anonymous_3)","line":12,"loc":{"start":{"line":12,"column":31},"end":{"line":12,"column":55}}},"4":{"name":"(anonymous_4)","line":13,"loc":{"start":{"line":13,"column":9},"end":{"line":13,"column":20}}},"5":{"name":"(anonymous_5)","line":20,"loc":{"start":{"line":20,"column":35},"end":{"line":20,"column":95}}},"6":{"name":"(anonymous_6)","line":21,"loc":{"start":{"line":21,"column":9},"end":{"line":21,"column":26}}},"7":{"name":"(anonymous_7)","line":27,"loc":{"start":{"line":27,"column":34},"end":{"line":27,"column":93}}},"8":{"name":"(anonymous_8)","line":28,"loc":{"start":{"line":28,"column":9},"end":{"line":28,"column":20}}},"9":{"name":"(anonymous_9)","line":36,"loc":{"start":{"line":36,"column":35},"end":{"line":36,"column":95}}},"10":{"name":"(anonymous_10)","line":37,"loc":{"start":{"line":37,"column":9},"end":{"line":37,"column":20}}}},"statementMap":{"1":{"start":{"line":2,"column":0},"end":{"line":2,"column":21}},"2":{"start":{"line":4,"column":0},"end":{"line":10,"column":2}},"3":{"start":{"line":5,"column":2},"end":{"line":9,"column":4}},"4":{"start":{"line":6,"column":4},"end":{"line":6,"column":13}},"5":{"start":{"line":7,"column":4},"end":{"line":7,"column":65}},"6":{"start":{"line":8,"column":4},"end":{"line":8,"column":58}},"7":{"start":{"line":12,"column":0},"end":{"line":18,"column":2}},"8":{"start":{"line":13,"column":2},"end":{"line":17,"column":4}},"9":{"start":{"line":14,"column":4},"end":{"line":14,"column":13}},"10":{"start":{"line":15,"column":4},"end":{"line":15,"column":65}},"11":{"start":{"line":16,"column":4},"end":{"line":16,"column":56}},"12":{"start":{"line":20,"column":0},"end":{"line":25,"column":2}},"13":{"start":{"line":21,"column":2},"end":{"line":24,"column":4}},"14":{"start":{"line":22,"column":4},"end":{"line":22,"column":41}},"15":{"start":{"line":23,"column":4},"end":{"line":23,"column":49}},"16":{"start":{"line":27,"column":0},"end":{"line":34,"column":2}},"17":{"start":{"line":28,"column":2},"end":{"line":33,"column":4}},"18":{"start":{"line":29,"column":4},"end":{"line":29,"column":13}},"19":{"start":{"line":30,"column":4},"end":{"line":30,"column":65}},"20":{"start":{"line":31,"column":4},"end":{"line":31,"column":40}},"21":{"start":{"line":32,"column":4},"end":{"line":32,"column":43}},"22":{"start":{"line":36,"column":0},"end":{"line":43,"column":2}},"23":{"start":{"line":37,"column":2},"end":{"line":42,"column":4}},"24":{"start":{"line":38,"column":4},"end":{"line":38,"column":13}},"25":{"start":{"line":39,"column":4},"end":{"line":39,"column":65}},"26":{"start":{"line":40,"column":4},"end":{"line":40,"column":41}},"27":{"start":{"line":41,"column":4},"end":{"line":41,"column":43}}},"branchMap":{"1":{"line":7,"type":"cond-expr","locations":[{"start":{"line":7,"column":35},"end":{"line":7,"column":59}},{"start":{"line":7,"column":62},"end":{"line":7,"column":64}}]},"2":{"line":15,"type":"cond-expr","locations":[{"start":{"line":15,"column":35},"end":{"line":15,"column":59}},{"start":{"line":15,"column":62},"end":{"line":15,"column":64}}]},"3":{"line":30,"type":"cond-expr","locations":[{"start":{"line":30,"column":35},"end":{"line":30,"column":59}},{"start":{"line":30,"column":62},"end":{"line":30,"column":64}}]},"4":{"line":39,"type":"cond-expr","locations":[{"start":{"line":39,"column":35},"end":{"line":39,"column":59}},{"start":{"line":39,"column":62},"end":{"line":39,"column":64}}]}}},"/Users/mk/workspace/fragments/lib/factories/session.js":{"path":"/Users/mk/workspace/fragments/lib/factories/session.js","s":{"1":1,"2":2,"3":1,"4":2,"5":1,"6":2,"7":1,"8":2,"9":3,"10":1,"11":8,"12":0,"13":8,"14":8,"15":8,"16":0,"17":8,"18":1,"19":0},"b":{"1":[0,8],"2":[0,8]},"f":{"1":2,"2":2,"3":2,"4":2,"5":3,"6":8,"7":8,"8":8,"9":0},"fnMap":{"1":{"name":"(anonymous_1)","line":2,"loc":{"start":{"line":2,"column":45},"end":{"line":2,"column":104}}},"2":{"name":"(anonymous_2)","line":6,"loc":{"start":{"line":6,"column":45},"end":{"line":6,"column":148}}},"3":{"name":"(anonymous_3)","line":13,"loc":{"start":{"line":13,"column":45},"end":{"line":13,"column":56}}},"4":{"name":"(anonymous_4)","line":17,"loc":{"start":{"line":17,"column":45},"end":{"line":17,"column":186}}},"5":{"name":"(anonymous_5)","line":21,"loc":{"start":{"line":21,"column":11},"end":{"line":21,"column":22}}},"6":{"name":"(anonymous_6)","line":33,"loc":{"start":{"line":33,"column":35},"end":{"line":33,"column":122}}},"7":{"name":"(anonymous_7)","line":37,"loc":{"start":{"line":37,"column":31},"end":{"line":37,"column":57}}},"8":{"name":"(anonymous_8)","line":38,"loc":{"start":{"line":38,"column":69},"end":{"line":38,"column":83}}},"9":{"name":"(anonymous_9)","line":47,"loc":{"start":{"line":47,"column":37},"end":{"line":47,"column":80}}}},"statementMap":{"1":{"start":{"line":2,"column":0},"end":{"line":4,"column":2}},"2":{"start":{"line":3,"column":2},"end":{"line":3,"column":58}},"3":{"start":{"line":6,"column":0},"end":{"line":11,"column":2}},"4":{"start":{"line":7,"column":2},"end":{"line":10,"column":5}},"5":{"start":{"line":13,"column":0},"end":{"line":15,"column":2}},"6":{"start":{"line":14,"column":2},"end":{"line":14,"column":22}},"7":{"start":{"line":17,"column":0},"end":{"line":31,"column":2}},"8":{"start":{"line":18,"column":2},"end":{"line":30,"column":5}},"9":{"start":{"line":22,"column":6},"end":{"line":22,"column":33}},"10":{"start":{"line":33,"column":0},"end":{"line":45,"column":2}},"11":{"start":{"line":34,"column":2},"end":{"line":36,"column":3}},"12":{"start":{"line":35,"column":4},"end":{"line":35,"column":33}},"13":{"start":{"line":37,"column":2},"end":{"line":44,"column":5}},"14":{"start":{"line":38,"column":4},"end":{"line":43,"column":7}},"15":{"start":{"line":39,"column":6},"end":{"line":41,"column":7}},"16":{"start":{"line":40,"column":8},"end":{"line":40,"column":27}},"17":{"start":{"line":42,"column":6},"end":{"line":42,"column":44}},"18":{"start":{"line":47,"column":0},"end":{"line":49,"column":2}},"19":{"start":{"line":48,"column":2},"end":{"line":48,"column":33}}},"branchMap":{"1":{"line":34,"type":"if","locations":[{"start":{"line":34,"column":2},"end":{"line":34,"column":2}},{"start":{"line":34,"column":2},"end":{"line":34,"column":2}}]},"2":{"line":39,"type":"if","locations":[{"start":{"line":39,"column":6},"end":{"line":39,"column":6}},{"start":{"line":39,"column":6},"end":{"line":39,"column":6}}]}}},"/Users/mk/workspace/fragments/lib/factories/shutdown.js":{"path":"/Users/mk/workspace/fragments/lib/factories/shutdown.js","s":{"1":1,"2":28,"3":1,"4":28,"5":29,"6":1,"7":28,"8":39,"9":0,"10":39,"11":0,"12":39,"13":1,"14":24,"15":51,"16":1,"17":28,"18":29,"19":1,"20":28,"21":28,"22":28,"23":28,"24":28,"25":28,"26":28,"27":79,"28":79,"29":79,"30":39,"31":39,"32":40,"33":40,"34":28},"b":{"1":[0,39],"2":[0,39],"3":[1,28],"4":[39,40]},"f":{"1":28,"2":28,"3":29,"4":28,"5":39,"6":24,"7":51,"8":28,"9":29,"10":79,"11":28},"fnMap":{"1":{"name":"(anonymous_1)","line":2,"loc":{"start":{"line":2,"column":41},"end":{"line":2,"column":67}}},"2":{"name":"(anonymous_2)","line":10,"loc":{"start":{"line":10,"column":38},"end":{"line":10,"column":72}}},"3":{"name":"(anonymous_3)","line":11,"loc":{"start":{"line":11,"column":9},"end":{"line":11,"column":20}}},"4":{"name":"(anonymous_4)","line":16,"loc":{"start":{"line":16,"column":38},"end":{"line":16,"column":72}}},"5":{"name":"(anonymous_5)","line":17,"loc":{"start":{"line":17,"column":9},"end":{"line":17,"column":27}}},"6":{"name":"(anonymous_6)","line":28,"loc":{"start":{"line":28,"column":42},"end":{"line":28,"column":76}}},"7":{"name":"(anonymous_7)","line":29,"loc":{"start":{"line":29,"column":9},"end":{"line":29,"column":33}}},"8":{"name":"(anonymous_8)","line":34,"loc":{"start":{"line":34,"column":36},"end":{"line":34,"column":147}}},"9":{"name":"(anonymous_9)","line":35,"loc":{"start":{"line":35,"column":9},"end":{"line":35,"column":20}}},"10":{"name":"(anonymous_10)","line":48,"loc":{"start":{"line":48,"column":16},"end":{"line":48,"column":29}}},"11":{"name":"(anonymous_11)","line":59,"loc":{"start":{"line":59,"column":12},"end":{"line":59,"column":23}}}},"statementMap":{"1":{"start":{"line":2,"column":0},"end":{"line":8,"column":2}},"2":{"start":{"line":3,"column":2},"end":{"line":7,"column":4}},"3":{"start":{"line":10,"column":0},"end":{"line":14,"column":2}},"4":{"start":{"line":11,"column":2},"end":{"line":13,"column":4}},"5":{"start":{"line":12,"column":4},"end":{"line":12,"column":46}},"6":{"start":{"line":16,"column":0},"end":{"line":26,"column":2}},"7":{"start":{"line":17,"column":2},"end":{"line":25,"column":4}},"8":{"start":{"line":18,"column":4},"end":{"line":20,"column":5}},"9":{"start":{"line":19,"column":6},"end":{"line":19,"column":56}},"10":{"start":{"line":21,"column":4},"end":{"line":23,"column":5}},"11":{"start":{"line":22,"column":6},"end":{"line":22,"column":84}},"12":{"start":{"line":24,"column":4},"end":{"line":24,"column":55}},"13":{"start":{"line":28,"column":0},"end":{"line":32,"column":2}},"14":{"start":{"line":29,"column":2},"end":{"line":31,"column":4}},"15":{"start":{"line":30,"column":4},"end":{"line":30,"column":60}},"16":{"start":{"line":34,"column":0},"end":{"line":63,"column":2}},"17":{"start":{"line":35,"column":2},"end":{"line":62,"column":4}},"18":{"start":{"line":36,"column":4},"end":{"line":38,"column":5}},"19":{"start":{"line":37,"column":6},"end":{"line":37,"column":83}},"20":{"start":{"line":39,"column":4},"end":{"line":39,"column":46}},"21":{"start":{"line":40,"column":4},"end":{"line":40,"column":43}},"22":{"start":{"line":41,"column":4},"end":{"line":41,"column":49}},"23":{"start":{"line":42,"column":4},"end":{"line":42,"column":74}},"24":{"start":{"line":43,"column":4},"end":{"line":43,"column":45}},"25":{"start":{"line":44,"column":4},"end":{"line":44,"column":65}},"26":{"start":{"line":45,"column":4},"end":{"line":61,"column":7}},"27":{"start":{"line":49,"column":8},"end":{"line":49,"column":21}},"28":{"start":{"line":50,"column":8},"end":{"line":50,"column":57}},"29":{"start":{"line":51,"column":8},"end":{"line":57,"column":9}},"30":{"start":{"line":52,"column":10},"end":{"line":52,"column":74}},"31":{"start":{"line":53,"column":10},"end":{"line":53,"column":28}},"32":{"start":{"line":55,"column":10},"end":{"line":55,"column":84}},"33":{"start":{"line":56,"column":10},"end":{"line":56,"column":45}},"34":{"start":{"line":60,"column":6},"end":{"line":60,"column":56}}},"branchMap":{"1":{"line":18,"type":"if","locations":[{"start":{"line":18,"column":4},"end":{"line":18,"column":4}},{"start":{"line":18,"column":4},"end":{"line":18,"column":4}}]},"2":{"line":21,"type":"if","locations":[{"start":{"line":21,"column":4},"end":{"line":21,"column":4}},{"start":{"line":21,"column":4},"end":{"line":21,"column":4}}]},"3":{"line":36,"type":"if","locations":[{"start":{"line":36,"column":4},"end":{"line":36,"column":4}},{"start":{"line":36,"column":4},"end":{"line":36,"column":4}}]},"4":{"line":51,"type":"if","locations":[{"start":{"line":51,"column":8},"end":{"line":51,"column":8}},{"start":{"line":51,"column":8},"end":{"line":51,"column":8}}]}}},"/Users/mk/workspace/fragments/lib/factories/status.js":{"path":"/Users/mk/workspace/fragments/lib/factories/status.js","s":{"1":1,"2":1,"3":1,"4":5,"5":5,"6":1,"7":56,"8":56,"9":0,"10":0,"11":56,"12":56,"13":1,"14":56,"15":56,"16":1,"17":56,"18":56,"19":2,"20":2,"21":2,"22":2,"23":2,"24":2,"25":2,"26":2,"27":56,"28":56,"29":1,"30":56,"31":56,"32":1,"33":5,"34":5,"35":5,"36":280,"37":280,"38":280,"39":280,"40":2,"41":2,"42":2,"43":2,"44":2,"45":280,"46":280,"47":280,"48":5},"b":{"1":[0,2],"2":[2,0],"3":[2,0],"4":[2,0]},"f":{"1":5,"2":5,"3":56,"4":0,"5":0,"6":56,"7":2,"8":2,"9":5,"10":280,"11":2,"12":2},"fnMap":{"1":{"name":"(anonymous_1)","line":7,"loc":{"start":{"line":7,"column":37},"end":{"line":7,"column":61}}},"2":{"name":"(anonymous_2)","line":8,"loc":{"start":{"line":8,"column":9},"end":{"line":8,"column":25}}},"3":{"name":"(anonymous_3)","line":13,"loc":{"start":{"line":13,"column":5},"end":{"line":13,"column":38}}},"4":{"name":"(anonymous_4)","line":15,"loc":{"start":{"line":15,"column":12},"end":{"line":15,"column":42}}},"5":{"name":"(anonymous_5)","line":16,"loc":{"start":{"line":16,"column":11},"end":{"line":16,"column":22}}},"6":{"name":"(anonymous_6)","line":28,"loc":{"start":{"line":28,"column":6},"end":{"line":28,"column":43}}},"7":{"name":"(anonymous_7)","line":30,"loc":{"start":{"line":30,"column":12},"end":{"line":30,"column":73}}},"8":{"name":"(anonymous_8)","line":31,"loc":{"start":{"line":31,"column":11},"end":{"line":31,"column":22}}},"9":{"name":"(anonymous_9)","line":51,"loc":{"start":{"line":51,"column":49},"end":{"line":51,"column":67}}},"10":{"name":"(anonymous_10)","line":56,"loc":{"start":{"line":56,"column":18},"end":{"line":56,"column":55}}},"11":{"name":"(anonymous_11)","line":58,"loc":{"start":{"line":58,"column":16},"end":{"line":58,"column":52}}},"12":{"name":"(anonymous_12)","line":59,"loc":{"start":{"line":59,"column":15},"end":{"line":59,"column":26}}}},"statementMap":{"1":{"start":{"line":2,"column":0},"end":{"line":3,"column":19}},"2":{"start":{"line":5,"column":0},"end":{"line":5,"column":53}},"3":{"start":{"line":7,"column":0},"end":{"line":11,"column":2}},"4":{"start":{"line":8,"column":2},"end":{"line":10,"column":4}},"5":{"start":{"line":9,"column":4},"end":{"line":9,"column":44}},"6":{"start":{"line":13,"column":0},"end":{"line":22,"column":2}},"7":{"start":{"line":14,"column":2},"end":{"line":14,"column":14}},"8":{"start":{"line":15,"column":2},"end":{"line":19,"column":4}},"9":{"start":{"line":16,"column":4},"end":{"line":18,"column":6}},"10":{"start":{"line":17,"column":6},"end":{"line":17,"column":45}},"11":{"start":{"line":20,"column":2},"end":{"line":20,"column":63}},"12":{"start":{"line":21,"column":2},"end":{"line":21,"column":70}},"13":{"start":{"line":23,"column":0},"end":{"line":26,"column":1}},"14":{"start":{"line":24,"column":2},"end":{"line":24,"column":51}},"15":{"start":{"line":25,"column":2},"end":{"line":25,"column":29}},"16":{"start":{"line":28,"column":0},"end":{"line":45,"column":2}},"17":{"start":{"line":29,"column":2},"end":{"line":29,"column":14}},"18":{"start":{"line":30,"column":2},"end":{"line":42,"column":4}},"19":{"start":{"line":31,"column":4},"end":{"line":41,"column":6}},"20":{"start":{"line":32,"column":6},"end":{"line":32,"column":21}},"21":{"start":{"line":33,"column":6},"end":{"line":33,"column":88}},"22":{"start":{"line":34,"column":6},"end":{"line":34,"column":38}},"23":{"start":{"line":35,"column":6},"end":{"line":39,"column":7}},"24":{"start":{"line":36,"column":8},"end":{"line":38,"column":9}},"25":{"start":{"line":37,"column":10},"end":{"line":37,"column":57}},"26":{"start":{"line":40,"column":6},"end":{"line":40,"column":72}},"27":{"start":{"line":43,"column":2},"end":{"line":43,"column":57}},"28":{"start":{"line":44,"column":2},"end":{"line":44,"column":68}},"29":{"start":{"line":46,"column":0},"end":{"line":49,"column":1}},"30":{"start":{"line":47,"column":2},"end":{"line":47,"column":55}},"31":{"start":{"line":48,"column":2},"end":{"line":48,"column":34}},"32":{"start":{"line":51,"column":0},"end":{"line":72,"column":3}},"33":{"start":{"line":52,"column":2},"end":{"line":52,"column":14}},"34":{"start":{"line":53,"column":2},"end":{"line":53,"column":15}},"35":{"start":{"line":54,"column":2},"end":{"line":70,"column":3}},"36":{"start":{"line":55,"column":4},"end":{"line":55,"column":57}},"37":{"start":{"line":56,"column":4},"end":{"line":69,"column":36}},"38":{"start":{"line":57,"column":6},"end":{"line":57,"column":18}},"39":{"start":{"line":58,"column":6},"end":{"line":65,"column":8}},"40":{"start":{"line":59,"column":8},"end":{"line":64,"column":10}},"41":{"start":{"line":60,"column":10},"end":{"line":60,"column":19}},"42":{"start":{"line":61,"column":10},"end":{"line":61,"column":71}},"43":{"start":{"line":62,"column":10},"end":{"line":62,"column":42}},"44":{"start":{"line":63,"column":10},"end":{"line":63,"column":40}},"45":{"start":{"line":66,"column":6},"end":{"line":66,"column":76}},"46":{"start":{"line":67,"column":6},"end":{"line":67,"column":71}},"47":{"start":{"line":68,"column":6},"end":{"line":68,"column":82}},"48":{"start":{"line":71,"column":2},"end":{"line":71,"column":17}}},"branchMap":{"1":{"line":33,"type":"cond-expr","locations":[{"start":{"line":33,"column":58},"end":{"line":33,"column":82}},{"start":{"line":33,"column":85},"end":{"line":33,"column":87}}]},"2":{"line":35,"type":"if","locations":[{"start":{"line":35,"column":6},"end":{"line":35,"column":6}},{"start":{"line":35,"column":6},"end":{"line":35,"column":6}}]},"3":{"line":36,"type":"if","locations":[{"start":{"line":36,"column":8},"end":{"line":36,"column":8}},{"start":{"line":36,"column":8},"end":{"line":36,"column":8}}]},"4":{"line":61,"type":"cond-expr","locations":[{"start":{"line":61,"column":41},"end":{"line":61,"column":65}},{"start":{"line":61,"column":68},"end":{"line":61,"column":70}}]}}}}