TN:
SF:/Users/mk/workspace/fragments/lib/fragments.js
FN:8,(anonymous_1)
FN:11,(anonymous_2)
FN:16,(anonymous_3)
FN:20,(anonymous_4)
FN:28,(anonymous_5)
FNF:5
FNH:3
FNDA:11,(anonymous_1)
FNDA:30,(anonymous_2)
FNDA:30,(anonymous_3)
FNDA:0,(anonymous_4)
FNDA:0,(anonymous_5)
DA:2,1
DA:4,1
DA:6,1
DA:8,1
DA:9,11
DA:10,11
DA:11,11
DA:12,30
DA:13,30
DA:14,30
DA:15,30
DA:16,30
DA:17,30
DA:20,11
DA:21,0
DA:22,0
DA:23,0
DA:25,0
DA:26,0
DA:27,0
DA:28,0
DA:29,0
DA:32,11
DA:35,1
DA:37,1
LF:25
LH:17
BRDA:10,1,0,10
BRDA:10,1,1,1
BRDA:22,2,0,0
BRDA:22,2,1,0
BRF:4
BRH:2
end_of_record
TN:
SF:/Users/mk/workspace/fragments/lib/factories/auto-headers.js
FN:2,(anonymous_1)
FN:15,(anonymous_2)
FN:16,(anonymous_3)
FNF:3
FNH:3
FNDA:14,(anonymous_1)
FNDA:18,(anonymous_2)
FNDA:35,(anonymous_3)
DA:2,1
DA:3,14
DA:4,14
DA:5,14
DA:6,14
DA:15,1
DA:16,18
DA:17,35
DA:18,35
LF:9
LH:9
BRF:0
BRH:0
end_of_record
TN:
SF:/Users/mk/workspace/fragments/lib/factories/basic-auth.js
FN:4,(anonymous_1)
FN:5,(anonymous_2)
FN:13,(anonymous_3)
FNF:3
FNH:1
FNDA:0,(anonymous_1)
FNDA:0,(anonymous_2)
FNDA:1,(anonymous_3)
DA:2,1
DA:4,1
DA:5,0
DA:6,0
DA:7,0
DA:8,0
DA:9,0
DA:13,1
DA:14,1
LF:9
LH:4
BRDA:7,1,0,0
BRDA:7,1,1,0
BRDA:14,2,0,1
BRDA:14,2,1,1
BRF:4
BRH:2
end_of_record
TN:
SF:/Users/mk/workspace/fragments/lib/factories/command.js
FN:4,(anonymous_1)
FN:8,(anonymous_2)
FN:9,(anonymous_3)
FN:12,(anonymous_4)
FN:14,(anonymous_5)
FN:20,(anonymous_6)
FN:21,(anonymous_7)
FN:26,(anonymous_8)
FN:27,(anonymous_9)
FN:34,(anonymous_10)
FN:37,(anonymous_11)
FN:44,(anonymous_12)
FN:45,(anonymous_13)
FN:60,(anonymous_14)
FN:61,(anonymous_15)
FN:68,(anonymous_16)
FN:73,(anonymous_17)
FN:87,(anonymous_18)
FN:88,(anonymous_19)
FN:91,(anonymous_20)
FN:99,(anonymous_21)
FN:100,(anonymous_22)
FN:105,(anonymous_23)
FN:106,(anonymous_24)
FN:109,(anonymous_25)
FN:110,(anonymous_26)
FNF:26
FNH:15
FNDA:2,(anonymous_1)
FNDA:0,(anonymous_2)
FNDA:0,(anonymous_3)
FNDA:0,(anonymous_4)
FNDA:0,(anonymous_5)
FNDA:2,(anonymous_6)
FNDA:2,(anonymous_7)
FNDA:2,(anonymous_8)
FNDA:2,(anonymous_9)
FNDA:1,(anonymous_10)
FNDA:1,(anonymous_11)
FNDA:2,(anonymous_12)
FNDA:2,(anonymous_13)
FNDA:0,(anonymous_14)
FNDA:0,(anonymous_15)
FNDA:0,(anonymous_16)
FNDA:0,(anonymous_17)
FNDA:0,(anonymous_18)
FNDA:0,(anonymous_19)
FNDA:0,(anonymous_20)
FNDA:20,(anonymous_21)
FNDA:20,(anonymous_22)
FNDA:20,(anonymous_23)
FNDA:20,(anonymous_24)
FNDA:20,(anonymous_25)
FNDA:20,(anonymous_26)
DA:2,1
DA:4,1
DA:5,2
DA:8,1
DA:9,0
DA:10,0
DA:11,0
DA:12,0
DA:13,0
DA:15,0
DA:20,1
DA:21,2
DA:22,2
DA:26,1
DA:27,2
DA:28,2
DA:29,2
DA:30,2
DA:31,2
DA:32,1
DA:34,1
DA:35,1
DA:36,1
DA:37,1
DA:38,1
DA:44,1
DA:45,2
DA:46,2
DA:47,2
DA:48,2
DA:49,0
DA:51,2
DA:52,2
DA:53,1
DA:55,1
DA:60,1
DA:61,0
DA:62,0
DA:63,0
DA:64,0
DA:65,0
DA:66,0
DA:67,0
DA:68,0
DA:69,0
DA:72,0
DA:73,0
DA:74,0
DA:75,0
DA:76,0
DA:77,0
DA:78,0
DA:79,0
DA:80,0
DA:82,0
DA:87,1
DA:88,0
DA:89,0
DA:90,0
DA:91,0
DA:92,0
DA:97,1
DA:99,1
DA:100,20
DA:101,20
DA:102,20
DA:103,18
DA:105,20
DA:106,20
DA:107,20
DA:108,20
DA:109,20
DA:110,20
DA:111,20
DA:112,20
DA:114,20
DA:115,20
DA:116,20
DA:117,20
DA:118,20
DA:120,20
DA:121,20
DA:124,20
DA:125,20
DA:129,1
LF:85
LH:54
BRDA:11,1,0,0
BRDA:11,1,1,0
BRDA:11,2,0,0
BRDA:11,2,1,0
BRDA:31,3,0,1
BRDA:31,3,1,1
BRDA:36,4,0,1
BRDA:36,4,1,0
BRDA:47,5,0,1
BRDA:47,5,1,1
BRDA:48,6,0,0
BRDA:48,6,1,2
BRDA:52,7,0,1
BRDA:52,7,1,1
BRDA:63,8,0,0
BRDA:63,8,1,0
BRDA:66,9,0,0
BRDA:66,9,1,0
BRDA:79,10,0,0
BRDA:79,10,1,0
BRDA:90,11,0,0
BRDA:90,11,1,0
BRDA:102,12,0,18
BRDA:102,12,1,2
BRF:24
BRH:10
end_of_record
TN:
SF:/Users/mk/workspace/fragments/lib/factories/common-middleware.js
FN:2,(anonymous_1)
FNF:1
FNH:1
FNDA:18,(anonymous_1)
DA:2,1
DA:3,18
LF:2
LH:2
BRF:0
BRH:0
end_of_record
TN:
SF:/Users/mk/workspace/fragments/lib/factories/config.js
FN:2,(anonymous_1)
FN:6,(anonymous_2)
FN:10,(anonymous_3)
FN:14,(anonymous_4)
FN:18,(anonymous_5)
FN:22,(anonymous_6)
FN:26,(anonymous_7)
FN:30,(anonymous_8)
FN:34,(anonymous_9)
FN:38,(anonymous_10)
FNF:10
FNH:9
FNDA:20,(anonymous_1)
FNDA:20,(anonymous_2)
FNDA:18,(anonymous_3)
FNDA:2,(anonymous_4)
FNDA:2,(anonymous_5)
FNDA:2,(anonymous_6)
FNDA:2,(anonymous_7)
FNDA:2,(anonymous_8)
FNDA:2,(anonymous_9)
FNDA:0,(anonymous_10)
DA:2,1
DA:3,20
DA:6,1
DA:7,20
DA:10,1
DA:11,18
DA:14,1
DA:15,2
DA:18,1
DA:19,2
DA:22,1
DA:23,2
DA:26,1
DA:27,2
DA:30,1
DA:31,2
DA:34,1
DA:35,2
DA:38,1
DA:39,0
LF:20
LH:19
BRF:0
BRH:0
end_of_record
TN:
SF:/Users/mk/workspace/fragments/lib/factories/crypto.js
FN:2,(anonymous_1)
FN:6,(anonymous_2)
FN:7,(anonymous_3)
FN:16,(anonymous_4)
FN:17,(anonymous_5)
FNF:5
FNH:5
FNDA:2,(anonymous_1)
FNDA:1,(anonymous_2)
FNDA:2,(anonymous_3)
FNDA:2,(anonymous_4)
FNDA:3,(anonymous_5)
DA:2,1
DA:3,2
DA:6,1
DA:7,1
DA:8,2
DA:9,2
DA:10,2
DA:11,2
DA:12,2
DA:16,1
DA:17,2
DA:18,3
DA:19,3
DA:20,3
DA:21,3
DA:22,3
LF:16
LH:16
BRF:0
BRH:0
end_of_record
TN:
SF:/Users/mk/workspace/fragments/lib/factories/data.js
FN:2,(anonymous_1)
FN:6,(anonymous_2)
FN:10,(anonymous_3)
FN:14,(anonymous_4)
FN:18,(anonymous_5)
FN:22,(anonymous_6)
FN:33,(anonymous_7)
FN:34,(anonymous_8)
FN:41,(anonymous_9)
FN:42,(anonymous_10)
FNF:10
FNH:10
FNDA:6,(anonymous_1)
FNDA:1,(anonymous_2)
FNDA:1,(anonymous_3)
FNDA:5,(anonymous_4)
FNDA:1,(anonymous_5)
FNDA:1,(anonymous_6)
FNDA:1,(anonymous_7)
FNDA:1,(anonymous_8)
FNDA:1,(anonymous_9)
FNDA:3,(anonymous_10)
DA:2,1
DA:3,6
DA:6,1
DA:7,1
DA:10,1
DA:11,1
DA:14,1
DA:15,5
DA:18,1
DA:19,1
DA:22,1
DA:23,1
DA:24,1
DA:25,0
DA:26,0
DA:27,0
DA:29,1
DA:33,1
DA:34,1
DA:35,1
DA:36,1
DA:37,1
DA:41,1
DA:42,1
DA:43,3
DA:44,3
DA:45,3
LF:27
LH:24
BRDA:24,1,0,0
BRDA:24,1,1,1
BRDA:37,2,0,1
BRDA:37,2,1,1
BRF:4
BRH:3
end_of_record
TN:
SF:/Users/mk/workspace/fragments/lib/factories/globals.js
FN:2,(anonymous_1)
FN:6,(anonymous_2)
FN:10,(anonymous_3)
FNF:3
FNH:1
FNDA:0,(anonymous_1)
FNDA:28,(anonymous_2)
FNDA:0,(anonymous_3)
DA:2,1
DA:3,0
DA:6,1
DA:7,28
DA:10,1
DA:11,0
LF:6
LH:4
BRF:0
BRH:0
end_of_record
TN:
SF:/Users/mk/workspace/fragments/lib/factories/header.js
FN:9,(anonymous_1)
FN:10,(anonymous_2)
FN:15,(anonymous_3)
FN:18,(anonymous_4)
FN:27,(anonymous_5)
FN:28,(anonymous_6)
FN:36,(anonymous_7)
FN:37,(anonymous_8)
FN:38,(anonymous_9)
FN:51,(anonymous_10)
FN:52,(anonymous_11)
FN:74,(anonymous_12)
FN:75,(anonymous_13)
FN:76,(anonymous_14)
FNF:14
FNH:12
FNDA:0,(anonymous_1)
FNDA:0,(anonymous_2)
FNDA:39,(anonymous_3)
FNDA:3,(anonymous_4)
FNDA:35,(anonymous_5)
FNDA:175,(anonymous_6)
FNDA:41,(anonymous_7)
FNDA:22,(anonymous_8)
FNDA:22,(anonymous_9)
FNDA:35,(anonymous_10)
FNDA:35,(anonymous_11)
FNDA:4,(anonymous_12)
FNDA:21,(anonymous_13)
FNDA:21,(anonymous_14)
DA:2,1
DA:5,1
DA:7,1
DA:9,1
DA:10,0
DA:11,0
DA:15,1
DA:16,39
DA:17,39
DA:18,39
DA:19,3
DA:22,1
DA:23,39
DA:24,39
DA:27,1
DA:28,35
DA:29,175
DA:30,0
DA:32,175
DA:36,1
DA:37,41
DA:38,22
DA:39,22
DA:40,0
DA:42,22
DA:46,1
DA:47,41
DA:48,41
DA:51,1
DA:52,35
DA:53,35
DA:54,35
DA:55,0
DA:57,35
DA:58,35
DA:59,175
DA:60,175
DA:61,175
DA:63,35
DA:67,1
DA:74,1
DA:75,4
DA:76,21
DA:77,21
DA:81,1
DA:82,4
DA:83,4
LF:47
LH:42
BRDA:11,1,0,0
BRDA:11,1,1,0
BRDA:19,2,0,3
BRDA:19,2,1,1
BRDA:29,3,0,0
BRDA:29,3,1,175
BRDA:29,4,0,175
BRDA:29,4,1,175
BRDA:39,5,0,0
BRDA:39,5,1,22
BRDA:54,6,0,0
BRDA:54,6,1,35
BRDA:59,7,0,0
BRDA:59,7,1,175
BRF:14
BRH:8
end_of_record
TN:
SF:/Users/mk/workspace/fragments/lib/common-request-headers.js
FNF:0
FNH:0
DA:2,1
LF:1
LH:1
BRF:0
BRH:0
end_of_record
TN:
SF:/Users/mk/workspace/fragments/lib/common-response-headers.js
FNF:0
FNH:0
DA:2,1
LF:1
LH:1
BRF:0
BRH:0
end_of_record
TN:
SF:/Users/mk/workspace/fragments/lib/factories/helper.js
FN:2,(anonymous_1)
FN:4,(anonymous_2)
FN:14,(anonymous_3)
FN:17,(anonymous_4)
FN:18,(anonymous_5)
FN:23,(anonymous_6)
FN:32,(anonymous_7)
FN:33,(anonymous_8)
FN:38,(anonymous_9)
FN:39,(anonymous_10)
FN:41,(anonymous_11)
FN:50,(anonymous_12)
FN:51,(anonymous_13)
FN:59,(anonymous_14)
FN:60,(anonymous_15)
FN:68,(anonymous_16)
FN:69,(anonymous_17)
FN:74,(anonymous_18)
FNF:18
FNH:0
FNDA:0,(anonymous_1)
FNDA:0,(anonymous_2)
FNDA:0,(anonymous_3)
FNDA:0,(anonymous_4)
FNDA:0,(anonymous_5)
FNDA:0,(anonymous_6)
FNDA:0,(anonymous_7)
FNDA:0,(anonymous_8)
FNDA:0,(anonymous_9)
FNDA:0,(anonymous_10)
FNDA:0,(anonymous_11)
FNDA:0,(anonymous_12)
FNDA:0,(anonymous_13)
FNDA:0,(anonymous_14)
FNDA:0,(anonymous_15)
FNDA:0,(anonymous_16)
FNDA:0,(anonymous_17)
FNDA:0,(anonymous_18)
DA:2,1
DA:3,0
DA:4,0
DA:5,0
DA:6,0
DA:8,0
DA:9,0
DA:11,0
DA:12,0
DA:14,0
DA:15,0
DA:16,0
DA:17,0
DA:18,0
DA:19,0
DA:21,0
DA:23,0
DA:24,0
DA:26,0
DA:29,0
DA:32,1
DA:33,0
DA:34,0
DA:38,1
DA:39,0
DA:40,0
DA:41,0
DA:42,0
DA:45,0
DA:50,1
DA:51,0
DA:52,0
DA:53,0
DA:54,0
DA:55,0
DA:59,1
DA:60,0
DA:61,0
DA:62,0
DA:63,0
DA:64,0
DA:68,1
DA:69,0
DA:70,0
DA:71,0
DA:73,0
DA:74,0
DA:75,0
DA:76,0
DA:77,0
DA:78,0
DA:81,0
LF:52
LH:6
BRDA:5,1,0,0
BRDA:5,1,1,0
BRDA:8,2,0,0
BRDA:8,2,1,0
BRDA:11,3,0,0
BRDA:11,3,1,0
BRDA:40,4,0,0
BRDA:40,4,1,0
BRDA:70,5,0,0
BRDA:70,5,1,0
BRDA:73,6,0,0
BRDA:73,6,1,0
BRF:12
BRH:0
end_of_record
TN:
SF:/Users/mk/workspace/fragments/lib/factories/html.js
FN:7,(anonymous_1)
FN:8,(anonymous_2)
FN:16,(anonymous_3)
FN:17,(anonymous_4)
FN:22,(anonymous_5)
FN:23,(anonymous_6)
FN:31,(anonymous_7)
FN:32,(anonymous_8)
FN:40,(anonymous_9)
FN:41,(anonymous_10)
FN:48,(anonymous_11)
FN:54,(anonymous_12)
FN:55,(anonymous_13)
FN:60,(anonymous_14)
FN:61,(anonymous_15)
FN:64,(anonymous_16)
FN:71,(anonymous_17)
FN:76,(anonymous_18)
FN:78,(anonymous_19)
FN:79,(anonymous_20)
FNF:20
FNH:16
FNDA:0,(anonymous_1)
FNDA:0,(anonymous_2)
FNDA:0,(anonymous_3)
FNDA:0,(anonymous_4)
FNDA:3,(anonymous_5)
FNDA:4,(anonymous_6)
FNDA:3,(anonymous_7)
FNDA:3,(anonymous_8)
FNDA:1,(anonymous_9)
FNDA:1,(anonymous_10)
FNDA:2,(anonymous_11)
FNDA:2,(anonymous_12)
FNDA:2,(anonymous_13)
FNDA:1,(anonymous_14)
FNDA:1,(anonymous_15)
FNDA:1,(anonymous_16)
FNDA:2,(anonymous_17)
FNDA:112,(anonymous_18)
FNDA:1,(anonymous_19)
FNDA:1,(anonymous_20)
DA:2,1
DA:5,1
DA:7,1
DA:8,0
DA:9,0
DA:10,0
DA:11,0
DA:12,0
DA:16,1
DA:17,0
DA:18,0
DA:22,1
DA:23,3
DA:24,4
DA:25,4
DA:26,4
DA:27,4
DA:31,1
DA:32,3
DA:33,3
DA:34,3
DA:35,3
DA:36,3
DA:40,1
DA:41,1
DA:42,1
DA:43,1
DA:44,1
DA:48,1
DA:49,2
DA:52,1
DA:54,1
DA:55,2
DA:56,2
DA:60,1
DA:61,1
DA:62,1
DA:63,1
DA:64,1
DA:65,1
DA:67,1
DA:71,1
DA:72,2
DA:73,2
DA:74,2
DA:75,112
DA:76,112
DA:77,112
DA:78,112
DA:79,1
DA:80,1
DA:81,1
DA:82,1
DA:83,1
DA:86,112
DA:87,112
DA:88,112
DA:91,2
LF:58
LH:51
BRDA:25,1,0,0
BRDA:25,1,1,4
BRDA:26,2,0,1
BRDA:26,2,1,3
BRDA:34,3,0,3
BRDA:34,3,1,0
BRDA:43,4,0,1
BRDA:43,4,1,0
BRDA:63,5,0,1
BRDA:63,5,1,0
BRDA:81,6,0,1
BRDA:81,6,1,0
BRF:12
BRH:7
end_of_record
TN:
SF:/Users/mk/workspace/fragments/lib/status-codes.js
FNF:0
FNH:0
DA:2,1
LF:1
LH:1
BRF:0
BRH:0
end_of_record
TN:
SF:/Users/mk/workspace/fragments/lib/factories/jwt.js
FN:2,(anonymous_1)
FN:6,(anonymous_2)
FN:13,(anonymous_3)
FN:14,(anonymous_4)
FN:23,(anonymous_5)
FN:24,(anonymous_6)
FN:29,(anonymous_7)
FN:33,(anonymous_8)
FN:34,(anonymous_9)
FNF:9
FNH:9
FNDA:2,(anonymous_1)
FNDA:2,(anonymous_2)
FNDA:1,(anonymous_3)
FNDA:2,(anonymous_4)
FNDA:2,(anonymous_5)
FNDA:3,(anonymous_6)
FNDA:6,(anonymous_7)
FNDA:6,(anonymous_8)
FNDA:6,(anonymous_9)
DA:2,1
DA:3,2
DA:6,1
DA:7,2
DA:13,1
DA:14,1
DA:15,2
DA:16,2
DA:17,2
DA:23,1
DA:24,2
DA:25,3
DA:29,1
DA:30,6
DA:31,0
DA:33,6
DA:34,6
DA:35,6
DA:36,0
DA:38,6
DA:39,3
DA:41,3
LF:22
LH:20
BRDA:30,1,0,0
BRDA:30,1,1,6
BRDA:35,2,0,0
BRDA:35,2,1,6
BRDA:35,3,0,6
BRDA:35,3,1,0
BRDA:38,4,0,3
BRDA:38,4,1,3
BRF:8
BRH:5
end_of_record
TN:
SF:/Users/mk/workspace/fragments/lib/factories/lifetime.js
FN:2,(anonymous_1)
FN:3,(anonymous_2)
FNF:2
FNH:2
FNDA:30,(anonymous_1)
FNDA:50,(anonymous_2)
DA:2,1
DA:3,30
DA:4,50
LF:3
LH:3
BRF:0
BRH:0
end_of_record
TN:
SF:/Users/mk/workspace/fragments/lib/factories/metadata.js
FN:2,(anonymous_1)
FN:6,(anonymous_2)
FN:7,(anonymous_3)
FN:12,(anonymous_4)
FN:13,(anonymous_5)
FNF:5
FNH:3
FNDA:2,(anonymous_1)
FNDA:0,(anonymous_2)
FNDA:0,(anonymous_3)
FNDA:1,(anonymous_4)
FNDA:2,(anonymous_5)
DA:2,1
DA:3,2
DA:6,1
DA:7,0
DA:8,0
DA:12,1
DA:13,1
DA:14,2
LF:8
LH:6
BRF:0
BRH:0
end_of_record
TN:
SF:/Users/mk/workspace/fragments/lib/factories/middleware.js
FN:2,(anonymous_1)
FN:3,(anonymous_2)
FN:4,(anonymous_3)
FN:16,(anonymous_4)
FN:27,(anonymous_5)
FN:28,(anonymous_6)
FN:29,(anonymous_7)
FNF:7
FNH:7
FNDA:20,(anonymous_1)
FNDA:416,(anonymous_2)
FNDA:71,(anonymous_3)
FNDA:1,(anonymous_4)
FNDA:6,(anonymous_5)
FNDA:108,(anonymous_6)
FNDA:378,(anonymous_7)
DA:2,1
DA:3,20
DA:4,416
DA:5,71
DA:6,36
DA:11,71
DA:17,1
DA:18,1
DA:19,1
DA:20,1
DA:21,1
DA:27,1
DA:28,6
DA:29,108
DA:30,378
LF:15
LH:15
BRDA:5,1,0,36
BRDA:5,1,1,35
BRF:2
BRH:2
end_of_record
TN:
SF:/Users/mk/workspace/fragments/lib/factories/redirect.js
FN:2,(anonymous_1)
FN:3,(anonymous_2)
FN:9,(anonymous_3)
FN:10,(anonymous_4)
FNF:4
FNH:2
FNDA:1,(anonymous_1)
FNDA:1,(anonymous_2)
FNDA:0,(anonymous_3)
FNDA:0,(anonymous_4)
DA:2,1
DA:3,1
DA:4,1
DA:5,1
DA:9,1
DA:10,0
DA:11,0
LF:7
LH:5
BRDA:11,1,0,0
BRDA:11,1,1,0
BRF:2
BRH:0
end_of_record
TN:
SF:/Users/mk/workspace/fragments/lib/factories/redis.js
FN:2,(anonymous_1)
FN:17,(anonymous_2)
FN:19,(anonymous_3)
FN:20,(anonymous_4)
FNF:4
FNH:4
FNDA:2,(anonymous_1)
FNDA:2,(anonymous_2)
FNDA:2,(anonymous_3)
FNDA:2,(anonymous_4)
DA:2,1
DA:3,2
DA:4,2
DA:5,2
DA:6,2
DA:7,2
DA:8,0
DA:10,2
DA:11,2
DA:12,0
DA:14,2
DA:15,0
DA:17,2
DA:18,2
DA:19,2
DA:20,2
DA:21,2
DA:22,2
DA:24,2
DA:27,2
LF:20
LH:17
BRDA:7,1,0,0
BRDA:7,1,1,2
BRDA:11,2,0,0
BRDA:11,2,1,2
BRDA:14,3,0,0
BRDA:14,3,1,2
BRF:6
BRH:3
end_of_record
TN:
SF:/Users/mk/workspace/fragments/lib/factories/require.js
FN:4,(anonymous_1)
FN:8,(anonymous_2)
FN:12,(anonymous_3)
FN:16,(anonymous_4)
FN:20,(anonymous_5)
FN:24,(anonymous_6)
FN:28,(anonymous_7)
FN:32,(anonymous_8)
FN:36,(anonymous_9)
FN:40,(anonymous_10)
FN:44,(anonymous_11)
FN:48,(anonymous_12)
FN:52,(anonymous_13)
FN:55,(anonymous_14)
FN:63,(anonymous_15)
FN:67,(anonymous_16)
FN:71,(anonymous_17)
FN:75,(anonymous_18)
FN:79,(anonymous_19)
FN:83,(anonymous_20)
FN:87,(anonymous_21)
FN:91,(anonymous_22)
FN:95,(anonymous_23)
FN:102,(anonymous_24)
FN:106,(anonymous_25)
FN:110,(anonymous_26)
FN:114,(anonymous_27)
FN:118,(anonymous_28)
FN:122,(anonymous_29)
FN:126,(anonymous_30)
FN:130,(anonymous_31)
FN:133,(anonymous_32)
FN:134,(anonymous_33)
FN:151,(anonymous_34)
FN:155,(anonymous_35)
FN:159,(anonymous_36)
FN:163,(anonymous_37)
FNF:37
FNH:28
FNDA:20,(anonymous_1)
FNDA:0,(anonymous_2)
FNDA:0,(anonymous_3)
FNDA:0,(anonymous_4)
FNDA:18,(anonymous_5)
FNDA:2,(anonymous_6)
FNDA:0,(anonymous_7)
FNDA:0,(anonymous_8)
FNDA:20,(anonymous_9)
FNDA:28,(anonymous_10)
FNDA:1,(anonymous_11)
FNDA:18,(anonymous_12)
FNDA:2,(anonymous_13)
FNDA:3,(anonymous_14)
FNDA:30,(anonymous_15)
FNDA:2,(anonymous_16)
FNDA:30,(anonymous_17)
FNDA:0,(anonymous_18)
FNDA:1,(anonymous_19)
FNDA:2,(anonymous_20)
FNDA:0,(anonymous_21)
FNDA:2,(anonymous_22)
FNDA:3,(anonymous_23)
FNDA:1,(anonymous_24)
FNDA:0,(anonymous_25)
FNDA:0,(anonymous_26)
FNDA:2,(anonymous_27)
FNDA:18,(anonymous_28)
FNDA:18,(anonymous_29)
FNDA:18,(anonymous_30)
FNDA:18,(anonymous_31)
FNDA:18,(anonymous_32)
FNDA:35,(anonymous_33)
FNDA:18,(anonymous_34)
FNDA:2,(anonymous_35)
FNDA:1,(anonymous_36)
FNDA:2,(anonymous_37)
DA:2,1
DA:4,1
DA:5,20
DA:8,1
DA:9,0
DA:12,1
DA:13,0
DA:16,1
DA:17,0
DA:20,1
DA:21,18
DA:24,1
DA:25,2
DA:28,1
DA:29,0
DA:32,1
DA:33,0
DA:36,1
DA:37,20
DA:40,1
DA:41,28
DA:44,1
DA:45,1
DA:48,1
DA:49,18
DA:52,1
DA:53,2
DA:54,2
DA:55,2
DA:56,3
DA:57,3
DA:58,3
DA:60,2
DA:63,1
DA:64,30
DA:67,1
DA:68,2
DA:71,1
DA:72,30
DA:75,1
DA:76,0
DA:79,1
DA:80,1
DA:83,1
DA:84,2
DA:87,1
DA:88,0
DA:91,1
DA:92,2
DA:95,1
DA:96,3
DA:97,3
DA:98,3
DA:99,3
DA:102,1
DA:103,1
DA:106,1
DA:107,0
DA:110,1
DA:111,0
DA:114,1
DA:115,2
DA:118,1
DA:119,18
DA:122,1
DA:123,18
DA:126,1
DA:127,18
DA:130,1
DA:131,18
DA:132,18
DA:133,18
DA:134,18
DA:135,35
DA:136,35
DA:137,0
DA:138,0
DA:140,35
DA:141,34
DA:143,1
DA:144,1
DA:146,35
DA:151,1
DA:152,18
DA:155,1
DA:156,2
DA:159,1
DA:160,1
DA:163,1
DA:164,2
LF:90
LH:79
BRDA:57,1,0,3
BRDA:57,1,1,0
BRDA:136,2,0,0
BRDA:136,2,1,35
BRDA:140,3,0,34
BRDA:140,3,1,1
BRF:6
BRH:4
end_of_record
TN:
SF:/Users/mk/workspace/fragments/lib/factories/response.js
FN:4,(anonymous_1)
FN:5,(anonymous_2)
FN:12,(anonymous_3)
FN:13,(anonymous_4)
FN:20,(anonymous_5)
FN:21,(anonymous_6)
FN:27,(anonymous_7)
FN:28,(anonymous_8)
FN:36,(anonymous_9)
FN:37,(anonymous_10)
FNF:10
FNH:8
FNDA:0,(anonymous_1)
FNDA:0,(anonymous_2)
FNDA:35,(anonymous_3)
FNDA:35,(anonymous_4)
FNDA:15,(anonymous_5)
FNDA:15,(anonymous_6)
FNDA:1,(anonymous_7)
FNDA:1,(anonymous_8)
FNDA:2,(anonymous_9)
FNDA:2,(anonymous_10)
DA:2,1
DA:4,1
DA:5,0
DA:6,0
DA:7,0
DA:8,0
DA:12,1
DA:13,35
DA:14,35
DA:15,35
DA:16,35
DA:20,1
DA:21,15
DA:22,15
DA:23,15
DA:27,1
DA:28,1
DA:29,1
DA:30,1
DA:31,1
DA:32,1
DA:36,1
DA:37,2
DA:38,2
DA:39,2
DA:40,2
DA:41,2
LF:27
LH:23
BRDA:7,1,0,0
BRDA:7,1,1,0
BRDA:15,2,0,34
BRDA:15,2,1,1
BRDA:30,3,0,1
BRDA:30,3,1,0
BRDA:39,4,0,2
BRDA:39,4,1,0
BRF:8
BRH:4
end_of_record
TN:
SF:/Users/mk/workspace/fragments/lib/factories/session.js
FN:2,(anonymous_1)
FN:6,(anonymous_2)
FN:13,(anonymous_3)
FN:17,(anonymous_4)
FN:21,(anonymous_5)
FN:33,(anonymous_6)
FN:37,(anonymous_7)
FN:38,(anonymous_8)
FN:47,(anonymous_9)
FNF:9
FNH:8
FNDA:2,(anonymous_1)
FNDA:2,(anonymous_2)
FNDA:2,(anonymous_3)
FNDA:2,(anonymous_4)
FNDA:3,(anonymous_5)
FNDA:8,(anonymous_6)
FNDA:8,(anonymous_7)
FNDA:8,(anonymous_8)
FNDA:0,(anonymous_9)
DA:2,1
DA:3,2
DA:6,1
DA:7,2
DA:13,1
DA:14,2
DA:17,1
DA:18,2
DA:22,3
DA:33,1
DA:34,8
DA:35,0
DA:37,8
DA:38,8
DA:39,8
DA:40,0
DA:42,8
DA:47,1
DA:48,0
LF:19
LH:16
BRDA:34,1,0,0
BRDA:34,1,1,8
BRDA:39,2,0,0
BRDA:39,2,1,8
BRF:4
BRH:2
end_of_record
TN:
SF:/Users/mk/workspace/fragments/lib/factories/shutdown.js
FN:2,(anonymous_1)
FN:10,(anonymous_2)
FN:11,(anonymous_3)
FN:16,(anonymous_4)
FN:17,(anonymous_5)
FN:28,(anonymous_6)
FN:29,(anonymous_7)
FN:34,(anonymous_8)
FN:35,(anonymous_9)
FN:48,(anonymous_10)
FN:59,(anonymous_11)
FNF:11
FNH:11
FNDA:28,(anonymous_1)
FNDA:28,(anonymous_2)
FNDA:29,(anonymous_3)
FNDA:28,(anonymous_4)
FNDA:39,(anonymous_5)
FNDA:24,(anonymous_6)
FNDA:51,(anonymous_7)
FNDA:28,(anonymous_8)
FNDA:29,(anonymous_9)
FNDA:79,(anonymous_10)
FNDA:28,(anonymous_11)
DA:2,1
DA:3,28
DA:10,1
DA:11,28
DA:12,29
DA:16,1
DA:17,28
DA:18,39
DA:19,0
DA:21,39
DA:22,0
DA:24,39
DA:28,1
DA:29,24
DA:30,51
DA:34,1
DA:35,28
DA:36,29
DA:37,1
DA:39,28
DA:40,28
DA:41,28
DA:42,28
DA:43,28
DA:44,28
DA:45,28
DA:49,79
DA:50,79
DA:51,79
DA:52,39
DA:53,39
DA:55,40
DA:56,40
DA:60,28
LF:34
LH:32
BRDA:18,1,0,0
BRDA:18,1,1,39
BRDA:21,2,0,0
BRDA:21,2,1,39
BRDA:36,3,0,1
BRDA:36,3,1,28
BRDA:51,4,0,39
BRDA:51,4,1,40
BRF:8
BRH:6
end_of_record
TN:
SF:/Users/mk/workspace/fragments/lib/factories/status.js
FN:7,(anonymous_1)
FN:8,(anonymous_2)
FN:13,(anonymous_3)
FN:15,(anonymous_4)
FN:16,(anonymous_5)
FN:28,(anonymous_6)
FN:30,(anonymous_7)
FN:31,(anonymous_8)
FN:51,(anonymous_9)
FN:56,(anonymous_10)
FN:58,(anonymous_11)
FN:59,(anonymous_12)
FNF:12
FNH:10
FNDA:5,(anonymous_1)
FNDA:5,(anonymous_2)
FNDA:56,(anonymous_3)
FNDA:0,(anonymous_4)
FNDA:0,(anonymous_5)
FNDA:56,(anonymous_6)
FNDA:2,(anonymous_7)
FNDA:2,(anonymous_8)
FNDA:5,(anonymous_9)
FNDA:280,(anonymous_10)
FNDA:2,(anonymous_11)
FNDA:2,(anonymous_12)
DA:2,1
DA:5,1
DA:7,1
DA:8,5
DA:9,5
DA:13,1
DA:14,56
DA:15,56
DA:16,0
DA:17,0
DA:20,56
DA:21,56
DA:23,1
DA:24,56
DA:25,56
DA:28,1
DA:29,56
DA:30,56
DA:31,2
DA:32,2
DA:33,2
DA:34,2
DA:35,2
DA:36,2
DA:37,2
DA:40,2
DA:43,56
DA:44,56
DA:46,1
DA:47,56
DA:48,56
DA:51,1
DA:52,5
DA:53,5
DA:54,5
DA:55,280
DA:56,280
DA:57,280
DA:58,280
DA:59,2
DA:60,2
DA:61,2
DA:62,2
DA:63,2
DA:66,280
DA:67,280
DA:68,280
DA:71,5
LF:48
LH:46
BRDA:33,1,0,0
BRDA:33,1,1,2
BRDA:35,2,0,2
BRDA:35,2,1,0
BRDA:36,3,0,2
BRDA:36,3,1,0
BRDA:61,4,0,2
BRDA:61,4,1,0
BRF:8
BRH:4
end_of_record
